Channel.obj : error LNK2019: "void * __cdecl operator new(unsigned __int64)" (??2@YAPEAX_K@Z) 외부 기호(참조 위치: "public: static class Channel * __cdecl Channel::GetInstance(void)" (?GetInstance@Channel@@SAPEAV1@XZ) 함수)에서 확인하지 못했습니다.
ChattingServer.obj : error LNK2001: "void * __cdecl operator new(unsigned __int64)" (??2@YAPEAX_K@Z) 외부 기호를 확인할 수 없습니다.
Room.obj : error LNK2001: "void * __cdecl operator new(unsigned __int64)" (??2@YAPEAX_K@Z) 외부 기호를 확인할 수 없습니다.
Singleton.obj : error LNK2001: "void * __cdecl operator new(unsigned __int64)" (??2@YAPEAX_K@Z) 외부 기호를 확인할 수 없습니다.
Channel.obj : error LNK2019: "void __cdecl operator delete(void *)" (??3@YAXPEAX@Z) 외부 기호(참조 위치: "void __cdecl std::_Deallocate(void *,unsigned __int64,unsigned __int64)" (?_Deallocate@std@@YAXPEAX_K1@Z) 함수)에서 확인하지 못했습니다.
ChattingServer.obj : error LNK2001: "void __cdecl operator delete(void *)" (??3@YAXPEAX@Z) 외부 기호를 확인할 수 없습니다.
Room.obj : error LNK2001: "void __cdecl operator delete(void *)" (??3@YAXPEAX@Z) 외부 기호를 확인할 수 없습니다.
Singleton.obj : error LNK2001: "void __cdecl operator delete(void *)" (??3@YAXPEAX@Z) 외부 기호를 확인할 수 없습니다.
User.obj : error LNK2001: "void __cdecl operator delete(void *,unsigned __int64)" (??3@YAXPEAX_K@Z) 외부 기호를 확인할 수 없습니다.
Channel.obj : error LNK2001: "void __cdecl operator delete(void *,unsigned __int64)" (??3@YAXPEAX_K@Z) 외부 기호를 확인할 수 없습니다.
ChattingServer.obj : error LNK2001: "void __cdecl operator delete(void *,unsigned __int64)" (??3@YAXPEAX_K@Z) 외부 기호를 확인할 수 없습니다.
Room.obj : error LNK2001: "void __cdecl operator delete(void *,unsigned __int64)" (??3@YAXPEAX_K@Z) 외부 기호를 확인할 수 없습니다.
Singleton.obj : error LNK2001: "void __cdecl operator delete(void *,unsigned __int64)" (??3@YAXPEAX_K@Z) 외부 기호를 확인할 수 없습니다.
Channel.obj : error LNK2019: __imp__invalid_parameter 외부 기호(참조 위치: "public: bool __cdecl std::_List_const_iterator<class std::_List_val<struct std::_List_simple_types<class User *> > >::operator==(class std::_List_const_iterator<class std::_List_val<struct std::_List_simple_types<class User *> > > const &)const " (??8?$_List_const_iterator@V?$_List_val@U?$_List_simple_types@PEAVUser@@@std@@@std@@@std@@QEBA_NAEBV01@@Z) 함수)에서 확인하지 못했습니다.
ChattingServer.obj : error LNK2001: __imp__invalid_parameter 외부 기호를 확인할 수 없습니다.
Room.obj : error LNK2001: __imp__invalid_parameter 외부 기호를 확인할 수 없습니다.
Singleton.obj : error LNK2001: __imp__invalid_parameter 외부 기호를 확인할 수 없습니다.
Channel.obj : error LNK2019: "__declspec(dllimport) public: __cdecl std::_Lockit::_Lockit(int)" (__imp_??0_Lockit@std@@QEAA@H@Z) 외부 기호(참조 위치: "public: __cdecl std::_Iterator_base12::~_Iterator_base12(void)" (??1_Iterator_base12@std@@QEAA@XZ) 함수)에서 확인하지 못했습니다.
ChattingServer.obj : error LNK2001: "__declspec(dllimport) public: __cdecl std::_Lockit::_Lockit(int)" (__imp_??0_Lockit@std@@QEAA@H@Z) 외부 기호를 확인할 수 없습니다.
Room.obj : error LNK2001: "__declspec(dllimport) public: __cdecl std::_Lockit::_Lockit(int)" (__imp_??0_Lockit@std@@QEAA@H@Z) 외부 기호를 확인할 수 없습니다.
Singleton.obj : error LNK2001: "__declspec(dllimport) public: __cdecl std::_Lockit::_Lockit(int)" (__imp_??0_Lockit@std@@QEAA@H@Z) 외부 기호를 확인할 수 없습니다.
Channel.obj : error LNK2019: "__declspec(dllimport) public: __cdecl std::_Lockit::~_Lockit(void)" (__imp_??1_Lockit@std@@QEAA@XZ) 외부 기호(참조 위치: "public: __cdecl std::_Iterator_base12::~_Iterator_base12(void)" (??1_Iterator_base12@std@@QEAA@XZ) 함수)에서 확인하지 못했습니다.
ChattingServer.obj : error LNK2001: "__declspec(dllimport) public: __cdecl std::_Lockit::~_Lockit(void)" (__imp_??1_Lockit@std@@QEAA@XZ) 외부 기호를 확인할 수 없습니다.
Room.obj : error LNK2001: "__declspec(dllimport) public: __cdecl std::_Lockit::~_Lockit(void)" (__imp_??1_Lockit@std@@QEAA@XZ) 외부 기호를 확인할 수 없습니다.
Singleton.obj : error LNK2001: "__declspec(dllimport) public: __cdecl std::_Lockit::~_Lockit(void)" (__imp_??1_Lockit@std@@QEAA@XZ) 외부 기호를 확인할 수 없습니다.
Channel.obj : error LNK2019: __imp_memmove 외부 기호(참조 위치: "class std::_List_unchecked_iterator<class std::_List_val<struct std::_List_simple_types<struct std::pair<int const ,class Room> > > > * __cdecl std::_Copy_backward_memmove<class std::_List_unchecked_iterator<class std::_List_val<struct std::_List_simple_types<struct std::pair<int const ,class Room> > > > *,class std::_List_unchecked_iterator<class std::_List_val<struct std::_List_simple_types<struct std::pair<int const ,class Room> > > > *>(class std::_List_unchecked_iterator<class std::_List_val<struct std::_List_simple_types<struct std::pair<int const ,class Room> > > > *,class std::_List_unchecked_iterator<class std::_List_val<struct std::_List_simple_types<struct std::pair<int const ,class Room> > > > *,class std::_List_unchecked_iterator<class std::_List_val<struct std::_List_simple_types<struct std::pair<int const ,class Room> > > > *)" (??$_Copy_backward_memmove@PEAV?$_List_unchecked_iterator@V?$_List_val@U?$_List_simple_types@U?$pair@$$CBHVRoom@@@std@@@std@@@std@@@std@@PEAV12@@std@@YAPEAV?$_List_unchecked_iterator@V?$_List_val@U?$_List_simple_types@U?$pair@$$CBHVRoom@@@std@@@std@@@std@@@0@PEAV10@00@Z) 함수)에서 확인하지 못했습니다.
ChattingServer.obj : error LNK2001: __imp_memmove 외부 기호를 확인할 수 없습니다.
Singleton.obj : error LNK2001: __imp_memmove 외부 기호를 확인할 수 없습니다.
Channel.obj : error LNK2019: __imp__CrtDbgReportW 외부 기호(참조 위치: "public: bool __cdecl std::_List_const_iterator<class std::_List_val<struct std::_List_simple_types<class User *> > >::operator==(class std::_List_const_iterator<class std::_List_val<struct std::_List_simple_types<class User *> > > const &)const " (??8?$_List_const_iterator@V?$_List_val@U?$_List_simple_types@PEAVUser@@@std@@@std@@@std@@QEBA_NAEBV01@@Z) 함수)에서 확인하지 못했습니다.
ChattingServer.obj : error LNK2001: __imp__CrtDbgReportW 외부 기호를 확인할 수 없습니다.
Room.obj : error LNK2001: __imp__CrtDbgReportW 외부 기호를 확인할 수 없습니다.
Singleton.obj : error LNK2001: __imp__CrtDbgReportW 외부 기호를 확인할 수 없습니다.
Channel.obj : error LNK2019: "__declspec(dllimport) void __cdecl std::_Debug_message(wchar_t const *,wchar_t const *,unsigned int)" (__imp_?_Debug_message@std@@YAXPEB_W0I@Z) 외부 기호(참조 위치: "void __cdecl std::_Debug_pointer<class std::_List_unchecked_iterator<class std::_List_val<struct std::_List_simple_types<struct std::pair<int const ,class Room> > > > >(class std::_List_unchecked_iterator<class std::_List_val<struct std::_List_simple_types<struct std::pair<int const ,class Room> > > > *,wchar_t const *,unsigned int)" (??$_Debug_pointer@V?$_List_unchecked_iterator@V?$_List_val@U?$_List_simple_types@U?$pair@$$CBHVRoom@@@std@@@std@@@std@@@std@@@std@@YAXPEAV?$_List_unchecked_iterator@V?$_List_val@U?$_List_simple_types@U?$pair@$$CBHVRoom@@@std@@@std@@@std@@@0@PEB_WI@Z) 함수)에서 확인하지 못했습니다.
ChattingServer.obj : error LNK2001: "__declspec(dllimport) void __cdecl std::_Debug_message(wchar_t const *,wchar_t const *,unsigned int)" (__imp_?_Debug_message@std@@YAXPEB_W0I@Z) 외부 기호를 확인할 수 없습니다.
Channel.obj : error LNK2019: "__declspec(dllimport) void __cdecl std::_Xbad_alloc(void)" (__imp_?_Xbad_alloc@std@@YAXXZ) 외부 기호(참조 위치: "void * __cdecl std::_Allocate(unsigned __int64,unsigned __int64,bool)" (?_Allocate@std@@YAPEAX_K0_N@Z) 함수)에서 확인하지 못했습니다.
ChattingServer.obj : error LNK2001: "__declspec(dllimport) void __cdecl std::_Xbad_alloc(void)" (__imp_?_Xbad_alloc@std@@YAXXZ) 외부 기호를 확인할 수 없습니다.
Room.obj : error LNK2001: "__declspec(dllimport) void __cdecl std::_Xbad_alloc(void)" (__imp_?_Xbad_alloc@std@@YAXXZ) 외부 기호를 확인할 수 없습니다.
Singleton.obj : error LNK2001: "__declspec(dllimport) void __cdecl std::_Xbad_alloc(void)" (__imp_?_Xbad_alloc@std@@YAXXZ) 외부 기호를 확인할 수 없습니다.
Channel.obj : error LNK2019: "__declspec(dllimport) void __cdecl std::_Xlength_error(char const *)" (__imp_?_Xlength_error@std@@YAXPEBD@Z) 외부 기호(참조 위치: "public: void __cdecl std::list<class User *,class std::allocator<class User *> >::_Incsize(unsigned __int64)" (?_Incsize@?$list@PEAVUser@@V?$allocator@PEAVUser@@@std@@@std@@QEAAX_K@Z) 함수)에서 확인하지 못했습니다.
ChattingServer.obj : error LNK2001: "__declspec(dllimport) void __cdecl std::_Xlength_error(char const *)" (__imp_?_Xlength_error@std@@YAXPEBD@Z) 외부 기호를 확인할 수 없습니다.
Room.obj : error LNK2001: "__declspec(dllimport) void __cdecl std::_Xlength_error(char const *)" (__imp_?_Xlength_error@std@@YAXPEBD@Z) 외부 기호를 확인할 수 없습니다.
Singleton.obj : error LNK2001: "__declspec(dllimport) void __cdecl std::_Xlength_error(char const *)" (__imp_?_Xlength_error@std@@YAXPEBD@Z) 외부 기호를 확인할 수 없습니다.
Channel.obj : error LNK2019: _CxxThrowException 외부 기호(참조 위치: __catch$??$?0AEBV?$allocator@U?$pair@$$CBHVRoom@@@std@@@std@@X@?$_List_alloc@U?$_List_base_types@U?$pair@$$CBHVRoom@@@std@@V?$allocator@U?$pair@$$CBHVRoom@@@std@@@2@@std@@@std@@QEAA@AEBV?$allocator@U?$pair@$$CBHVRoom@@@std@@@1@@Z$0 함수)에서 확인하지 못했습니다.
ChattingServer.obj : error LNK2001: _CxxThrowException 외부 기호를 확인할 수 없습니다.
Room.obj : error LNK2001: _CxxThrowException 외부 기호를 확인할 수 없습니다.
Singleton.obj : error LNK2001: _CxxThrowException 외부 기호를 확인할 수 없습니다.
Channel.obj : error LNK2019: _RTC_CheckStackVars 외부 기호(참조 위치: "protected: struct std::pair<class std::_List_iterator<class std::_List_val<struct std::_List_simple_types<struct std::pair<int const ,class Room> > > >,bool> __cdecl std::_Hash<class std::_Umap_traits<int,class Room,class std::_Uhash_compare<int,struct std::hash<int>,struct std::equal_to<int> >,class std::allocator<struct std::pair<int const ,class Room> >,0> >::_Insert<struct std::pair<int const ,class Room> &,class std::_List_unchecked_iterator<class std::_List_val<struct std::_List_simple_types<struct std::pair<int const ,class Room> > > > >(struct std::pair<int const ,class Room> &,class std::_List_unchecked_iterator<class std::_List_val<struct std::_List_simple_types<struct std::pair<int const ,class Room> > > >)" (??$_Insert@AEAU?$pair@$$CBHVRoom@@@std@@V?$_List_unchecked_iterator@V?$_List_val@U?$_List_simple_types@U?$pair@$$CBHVRoom@@@std@@@std@@@std@@@2@@?$_Hash@V?$_Umap_traits@HVRoom@@V?$_Uhash_compare@HU?$hash@H@std@@U?$equal_to@H@2@@std@@V?$allocator@U?$pair@$$CBHVRoom@@@std@@@3@$0A@@std@@@std@@IEAA?AU?$pair@V?$_List_iterator@V?$_List_val@U?$_List_simple_types@U?$pair@$$CBHVRoom@@@std@@@std@@@std@@@std@@_N@1@AEAU?$pair@$$CBHVRoom@@@1@V?$_List_unchecked_iterator@V?$_List_val@U?$_List_simple_types@U?$pair@$$CBHVRoom@@@std@@@std@@@std@@@1@@Z) 함수)에서 확인하지 못했습니다.
ChattingServer.obj : error LNK2001: _RTC_CheckStackVars 외부 기호를 확인할 수 없습니다.
Room.obj : error LNK2001: _RTC_CheckStackVars 외부 기호를 확인할 수 없습니다.
Singleton.obj : error LNK2001: _RTC_CheckStackVars 외부 기호를 확인할 수 없습니다.
Singleton.obj : error LNK2001: _RTC_InitBase 외부 기호를 확인할 수 없습니다.
User.obj : error LNK2001: _RTC_InitBase 외부 기호를 확인할 수 없습니다.
Channel.obj : error LNK2001: _RTC_InitBase 외부 기호를 확인할 수 없습니다.
ChattingServer.obj : error LNK2001: _RTC_InitBase 외부 기호를 확인할 수 없습니다.
Room.obj : error LNK2001: _RTC_InitBase 외부 기호를 확인할 수 없습니다.
server.obj : error LNK2001: _RTC_InitBase 외부 기호를 확인할 수 없습니다.
Singleton.obj : error LNK2001: _RTC_Shutdown 외부 기호를 확인할 수 없습니다.
User.obj : error LNK2001: _RTC_Shutdown 외부 기호를 확인할 수 없습니다.
Channel.obj : error LNK2001: _RTC_Shutdown 외부 기호를 확인할 수 없습니다.
ChattingServer.obj : error LNK2001: _RTC_Shutdown 외부 기호를 확인할 수 없습니다.
Room.obj : error LNK2001: _RTC_Shutdown 외부 기호를 확인할 수 없습니다.
server.obj : error LNK2001: _RTC_Shutdown 외부 기호를 확인할 수 없습니다.
Channel.obj : error LNK2001: __CxxFrameHandler3 외부 기호를 확인할 수 없습니다.
ChattingServer.obj : error LNK2001: __CxxFrameHandler3 외부 기호를 확인할 수 없습니다.
Room.obj : error LNK2001: __CxxFrameHandler3 외부 기호를 확인할 수 없습니다.
Singleton.obj : error LNK2001: __CxxFrameHandler3 외부 기호를 확인할 수 없습니다.
User.obj : error LNK2001: "const type_info::`vftable'" (??_7type_info@@6B@) 외부 기호를 확인할 수 없습니다.
Channel.obj : error LNK2001: "const type_info::`vftable'" (??_7type_info@@6B@) 외부 기호를 확인할 수 없습니다.
ChattingServer.obj : error LNK2001: "const type_info::`vftable'" (??_7type_info@@6B@) 외부 기호를 확인할 수 없습니다.
Room.obj : error LNK2001: "const type_info::`vftable'" (??_7type_info@@6B@) 외부 기호를 확인할 수 없습니다.
Singleton.obj : error LNK2001: "const type_info::`vftable'" (??_7type_info@@6B@) 외부 기호를 확인할 수 없습니다.
Channel.obj : error LNK2001: _fltused 외부 기호를 확인할 수 없습니다.
ChattingServer.obj : error LNK2001: _purecall 외부 기호를 확인할 수 없습니다.
ChattingServer.obj : error LNK2019: __imp_exit 외부 기호(참조 위치: "public: void __cdecl ChattingServer::WorkerThread(void)" (?WorkerThread@ChattingServer@@QEAAXXZ) 함수)에서 확인하지 못했습니다.
ChattingServer.obj : error LNK2019: __imp_srand 외부 기호(참조 위치: "public: void __cdecl ChattingServer::AcceptThread(void)" (?AcceptThread@ChattingServer@@QEAAXXZ) 함수)에서 확인하지 못했습니다.
ChattingServer.obj : error LNK2019: __imp_rand 외부 기호(참조 위치: "public: void __cdecl ChattingServer::AcceptThread(void)" (?AcceptThread@ChattingServer@@QEAAXXZ) 함수)에서 확인하지 못했습니다.
ChattingServer.obj : error LNK2019: __imp___acrt_iob_func 외부 기호(참조 위치: printf 함수)에서 확인하지 못했습니다.
ChattingServer.obj : error LNK2019: __imp___stdio_common_vfprintf 외부 기호(참조 위치: _vfprintf_l 함수)에서 확인하지 못했습니다.
ChattingServer.obj : error LNK2019: memcpy 외부 기호(참조 위치: "public: int __cdecl ChattingServer::SendPacket(int,unsigned char *)" (?SendPacket@ChattingServer@@QEAAHHPEAE@Z) 함수)에서 확인하지 못했습니다.
ChattingServer.obj : error LNK2019: memset 외부 기호(참조 위치: "public: void __cdecl ChattingServer::AcceptThread(void)" (?AcceptThread@ChattingServer@@QEAAXXZ) 함수)에서 확인하지 못했습니다.
ChattingServer.obj : error LNK2019: strlen 외부 기호(참조 위치: "public: static unsigned __int64 __cdecl std::char_traits<char>::length(char const *)" (?length@?$char_traits@D@std@@SA_KPEBD@Z) 함수)에서 확인하지 못했습니다.
ChattingServer.obj : error LNK2019: __imp_strncpy 외부 기호(참조 위치: "public: void __cdecl ChattingServer::SendRoomChatting(int,char *)" (?SendRoomChatting@ChattingServer@@QEAAXHPEAD@Z) 함수)에서 확인하지 못했습니다.
ChattingServer.obj : error LNK2019: "__declspec(dllimport) bool __cdecl std::uncaught_exception(void)" (__imp_?uncaught_exception@std@@YA_NXZ) 외부 기호(참조 위치: "public: __cdecl std::basic_ostream<char,struct std::char_traits<char> >::sentry::~sentry(void)" (??1sentry@?$basic_ostream@DU?$char_traits@D@std@@@std@@QEAA@XZ) 함수)에서 확인하지 못했습니다.
ChattingServer.obj : error LNK2019: __imp_terminate 외부 기호(참조 위치: "public: __cdecl std::thread::~thread(void)" (??1thread@std@@QEAA@XZ) 함수)에서 확인하지 못했습니다.
ChattingServer.obj : error LNK2019: "__declspec(dllimport) public: bool __cdecl std::ios_base::good(void)const " (__imp_?good@ios_base@std@@QEBA_NXZ) 외부 기호(참조 위치: "public: __cdecl std::basic_ostream<char,struct std::char_traits<char> >::sentry::sentry(class std::basic_ostream<char,struct std::char_traits<char> > &)" (??0sentry@?$basic_ostream@DU?$char_traits@D@std@@@std@@QEAA@AEAV12@@Z) 함수)에서 확인하지 못했습니다.
ChattingServer.obj : error LNK2019: "__declspec(dllimport) public: int __cdecl std::ios_base::flags(void)const " (__imp_?flags@ios_base@std@@QEBAHXZ) 외부 기호(참조 위치: "class std::basic_ostream<char,struct std::char_traits<char> > & __cdecl std::operator<<<struct std::char_traits<char> >(class std::basic_ostream<char,struct std::char_traits<char> > &,char const *)" (??$?6U?$char_traits@D@std@@@std@@YAAEAV?$basic_ostream@DU?$char_traits@D@std@@@0@AEAV10@PEBD@Z) 함수)에서 확인하지 못했습니다.
ChattingServer.obj : error LNK2019: "__declspec(dllimport) public: __int64 __cdecl std::ios_base::width(void)const " (__imp_?width@ios_base@std@@QEBA_JXZ) 외부 기호(참조 위치: "class std::basic_ostream<char,struct std::char_traits<char> > & __cdecl std::operator<<<struct std::char_traits<char> >(class std::basic_ostream<char,struct std::char_traits<char> > &,char const *)" (??$?6U?$char_traits@D@std@@@std@@YAAEAV?$basic_ostream@DU?$char_traits@D@std@@@0@AEAV10@PEBD@Z) 함수)에서 확인하지 못했습니다.
ChattingServer.obj : error LNK2019: "__declspec(dllimport) public: __int64 __cdecl std::ios_base::width(__int64)" (__imp_?width@ios_base@std@@QEAA_J_J@Z) 외부 기호(참조 위치: "class std::basic_ostream<char,struct std::char_traits<char> > & __cdecl std::operator<<<struct std::char_traits<char> >(class std::basic_ostream<char,struct std::char_traits<char> > &,char const *)" (??$?6U?$char_traits@D@std@@@std@@YAAEAV?$basic_ostream@DU?$char_traits@D@std@@@0@AEAV10@PEBD@Z) 함수)에서 확인하지 못했습니다.
ChattingServer.obj : error LNK2019: "__declspec(dllimport) public: int __cdecl std::basic_streambuf<char,struct std::char_traits<char> >::sputc(char)" (__imp_?sputc@?$basic_streambuf@DU?$char_traits@D@std@@@std@@QEAAHD@Z) 외부 기호(참조 위치: "class std::basic_ostream<char,struct std::char_traits<char> > & __cdecl std::operator<<<struct std::char_traits<char> >(class std::basic_ostream<char,struct std::char_traits<char> > &,char const *)" (??$?6U?$char_traits@D@std@@@std@@YAAEAV?$basic_ostream@DU?$char_traits@D@std@@@0@AEAV10@PEBD@Z) 함수)에서 확인하지 못했습니다.
ChattingServer.obj : error LNK2019: "__declspec(dllimport) public: __int64 __cdecl std::basic_streambuf<char,struct std::char_traits<char> >::sputn(char const *,__int64)" (__imp_?sputn@?$basic_streambuf@DU?$char_traits@D@std@@@std@@QEAA_JPEBD_J@Z) 외부 기호(참조 위치: "class std::basic_ostream<char,struct std::char_traits<char> > & __cdecl std::operator<<<struct std::char_traits<char> >(class std::basic_ostream<char,struct std::char_traits<char> > &,char const *)" (??$?6U?$char_traits@D@std@@@std@@YAAEAV?$basic_ostream@DU?$char_traits@D@std@@@0@AEAV10@PEBD@Z) 함수)에서 확인하지 못했습니다.
ChattingServer.obj : error LNK2019: "__declspec(dllimport) public: void __cdecl std::basic_ios<char,struct std::char_traits<char> >::setstate(int,bool)" (__imp_?setstate@?$basic_ios@DU?$char_traits@D@std@@@std@@QEAAXH_N@Z) 외부 기호(참조 위치: "class std::basic_ostream<char,struct std::char_traits<char> > & __cdecl std::operator<<<struct std::char_traits<char> >(class std::basic_ostream<char,struct std::char_traits<char> > &,char const *)" (??$?6U?$char_traits@D@std@@@std@@YAAEAV?$basic_ostream@DU?$char_traits@D@std@@@0@AEAV10@PEBD@Z) 함수)에서 확인하지 못했습니다.
ChattingServer.obj : error LNK2019: "__declspec(dllimport) public: class std::basic_ostream<char,struct std::char_traits<char> > * __cdecl std::basic_ios<char,struct std::char_traits<char> >::tie(void)const " (__imp_?tie@?$basic_ios@DU?$char_traits@D@std@@@std@@QEBAPEAV?$basic_ostream@DU?$char_traits@D@std@@@2@XZ) 외부 기호(참조 위치: "public: __cdecl std::basic_ostream<char,struct std::char_traits<char> >::sentry::sentry(class std::basic_ostream<char,struct std::char_traits<char> > &)" (??0sentry@?$basic_ostream@DU?$char_traits@D@std@@@std@@QEAA@AEAV12@@Z) 함수)에서 확인하지 못했습니다.
ChattingServer.obj : error LNK2019: "__declspec(dllimport) public: class std::basic_streambuf<char,struct std::char_traits<char> > * __cdecl std::basic_ios<char,struct std::char_traits<char> >::rdbuf(void)const " (__imp_?rdbuf@?$basic_ios@DU?$char_traits@D@std@@@std@@QEBAPEAV?$basic_streambuf@DU?$char_traits@D@std@@@2@XZ) 외부 기호(참조 위치: "class std::basic_ostream<char,struct std::char_traits<char> > & __cdecl std::operator<<<struct std::char_traits<char> >(class std::basic_ostream<char,struct std::char_traits<char> > &,char const *)" (??$?6U?$char_traits@D@std@@@std@@YAAEAV?$basic_ostream@DU?$char_traits@D@std@@@0@AEAV10@PEBD@Z) 함수)에서 확인하지 못했습니다.
ChattingServer.obj : error LNK2019: "__declspec(dllimport) public: char __cdecl std::basic_ios<char,struct std::char_traits<char> >::fill(void)const " (__imp_?fill@?$basic_ios@DU?$char_traits@D@std@@@std@@QEBADXZ) 외부 기호(참조 위치: "class std::basic_ostream<char,struct std::char_traits<char> > & __cdecl std::operator<<<struct std::char_traits<char> >(class std::basic_ostream<char,struct std::char_traits<char> > &,char const *)" (??$?6U?$char_traits@D@std@@@std@@YAAEAV?$basic_ostream@DU?$char_traits@D@std@@@0@AEAV10@PEBD@Z) 함수)에서 확인하지 못했습니다.
ChattingServer.obj : error LNK2019: "__declspec(dllimport) public: char __cdecl std::basic_ios<char,struct std::char_traits<char> >::widen(char)const " (__imp_?widen@?$basic_ios@DU?$char_traits@D@std@@@std@@QEBADD@Z) 외부 기호(참조 위치: "class std::basic_ostream<char,struct std::char_traits<char> > & __cdecl std::endl<char,struct std::char_traits<char> >(class std::basic_ostream<char,struct std::char_traits<char> > &)" (??$endl@DU?$char_traits@D@std@@@std@@YAAEAV?$basic_ostream@DU?$char_traits@D@std@@@0@AEAV10@@Z) 함수)에서 확인하지 못했습니다.
ChattingServer.obj : error LNK2019: "__declspec(dllimport) public: void __cdecl std::basic_ostream<char,struct std::char_traits<char> >::_Osfx(void)" (__imp_?_Osfx@?$basic_ostream@DU?$char_traits@D@std@@@std@@QEAAXXZ) 외부 기호(참조 위치: "public: __cdecl std::basic_ostream<char,struct std::char_traits<char> >::sentry::~sentry(void)" (??1sentry@?$basic_ostream@DU?$char_traits@D@std@@@std@@QEAA@XZ) 함수)에서 확인하지 못했습니다.
ChattingServer.obj : error LNK2019: "__declspec(dllimport) public: class std::basic_ostream<char,struct std::char_traits<char> > & __cdecl std::basic_ostream<char,struct std::char_traits<char> >::operator<<(class std::basic_ostream<char,struct std::char_traits<char> > & (__cdecl*)(class std::basic_ostream<char,struct std::char_traits<char> > &))" (__imp_??6?$basic_ostream@DU?$char_traits@D@std@@@std@@QEAAAEAV01@P6AAEAV01@AEAV01@@Z@Z) 외부 기호(참조 위치: "public: void __cdecl ChattingServer::AcceptThread(void)" (?AcceptThread@ChattingServer@@QEAAXXZ) 함수)에서 확인하지 못했습니다.
ChattingServer.obj : error LNK2019: "__declspec(dllimport) public: class std::basic_ostream<char,struct std::char_traits<char> > & __cdecl std::basic_ostream<char,struct std::char_traits<char> >::operator<<(int)" (__imp_??6?$basic_ostream@DU?$char_traits@D@std@@@std@@QEAAAEAV01@H@Z) 외부 기호(참조 위치: "public: void __cdecl ChattingServer::ProcessChangeChannelPacket(int,unsigned char *)" (?ProcessChangeChannelPacket@ChattingServer@@QEAAXHPEAE@Z) 함수)에서 확인하지 못했습니다.
ChattingServer.obj : error LNK2019: "__declspec(dllimport) public: class std::basic_ostream<char,struct std::char_traits<char> > & __cdecl std::basic_ostream<char,struct std::char_traits<char> >::operator<<(unsigned int)" (__imp_??6?$basic_ostream@DU?$char_traits@D@std@@@std@@QEAAAEAV01@I@Z) 외부 기호(참조 위치: "public: void __cdecl ChattingServer::ProcessChangeChannelPacket(int,unsigned char *)" (?ProcessChangeChannelPacket@ChattingServer@@QEAAXHPEAE@Z) 함수)에서 확인하지 못했습니다.
ChattingServer.obj : error LNK2019: "__declspec(dllimport) public: class std::basic_ostream<char,struct std::char_traits<char> > & __cdecl std::basic_ostream<char,struct std::char_traits<char> >::put(char)" (__imp_?put@?$basic_ostream@DU?$char_traits@D@std@@@std@@QEAAAEAV12@D@Z) 외부 기호(참조 위치: "class std::basic_ostream<char,struct std::char_traits<char> > & __cdecl std::endl<char,struct std::char_traits<char> >(class std::basic_ostream<char,struct std::char_traits<char> > &)" (??$endl@DU?$char_traits@D@std@@@std@@YAAEAV?$basic_ostream@DU?$char_traits@D@std@@@0@AEAV10@@Z) 함수)에서 확인하지 못했습니다.
ChattingServer.obj : error LNK2019: "__declspec(dllimport) public: class std::basic_ostream<char,struct std::char_traits<char> > & __cdecl std::basic_ostream<char,struct std::char_traits<char> >::flush(void)" (__imp_?flush@?$basic_ostream@DU?$char_traits@D@std@@@std@@QEAAAEAV12@XZ) 외부 기호(참조 위치: "class std::basic_ostream<char,struct std::char_traits<char> > & __cdecl std::endl<char,struct std::char_traits<char> >(class std::basic_ostream<char,struct std::char_traits<char> > &)" (??$endl@DU?$char_traits@D@std@@@std@@YAAEAV?$basic_ostream@DU?$char_traits@D@std@@@0@AEAV10@@Z) 함수)에서 확인하지 못했습니다.
ChattingServer.obj : error LNK2019: __imp__time64 외부 기호(참조 위치: time 함수)에서 확인하지 못했습니다.
ChattingServer.obj : error LNK2019: __imp__Thrd_start 외부 기호(참조 위치: "int __cdecl std::_Thrd_startX(struct _Thrd_imp_t *,unsigned int (__cdecl*)(void *),void *)" (?_Thrd_startX@std@@YAHPEAU_Thrd_imp_t@@P6AIPEAX@Z1@Z) 함수)에서 확인하지 못했습니다.
ChattingServer.obj : error LNK2019: __imp__Thrd_join 외부 기호(참조 위치: "public: void __cdecl std::thread::join(void)" (?join@thread@std@@QEAAXXZ) 함수)에서 확인하지 못했습니다.
ChattingServer.obj : error LNK2019: __imp__Thrd_id 외부 기호(참조 위치: "class std::thread::id __cdecl std::this_thread::get_id(void)" (?get_id@this_thread@std@@YA?AVid@thread@2@XZ) 함수)에서 확인하지 못했습니다.
ChattingServer.obj : error LNK2019: __imp__Mtx_init 외부 기호(참조 위치: "int __cdecl std::_Mtx_initX(struct _Mtx_internal_imp_t * *,int)" (?_Mtx_initX@std@@YAHPEAPEAU_Mtx_internal_imp_t@@H@Z) 함수)에서 확인하지 못했습니다.
ChattingServer.obj : error LNK2019: __imp__Mtx_destroy 외부 기호(참조 위치: "public: __cdecl std::_Auto_mtx::~_Auto_mtx(void)" (??1_Auto_mtx@std@@QEAA@XZ) 함수)에서 확인하지 못했습니다.
ChattingServer.obj : error LNK2019: __imp__Mtx_lock 외부 기호(참조 위치: "int __cdecl std::_Mtx_lockX(struct _Mtx_internal_imp_t *)" (?_Mtx_lockX@std@@YAHPEAU_Mtx_internal_imp_t@@@Z) 함수)에서 확인하지 못했습니다.
ChattingServer.obj : error LNK2019: __imp__Mtx_unlock 외부 기호(참조 위치: "int __cdecl std::_Mtx_unlockX(struct _Mtx_internal_imp_t *)" (?_Mtx_unlockX@std@@YAHPEAU_Mtx_internal_imp_t@@@Z) 함수)에서 확인하지 못했습니다.
ChattingServer.obj : error LNK2019: __imp__Cnd_init 외부 기호(참조 위치: "int __cdecl std::_Cnd_initX(struct _Cnd_internal_imp_t * *)" (?_Cnd_initX@std@@YAHPEAPEAU_Cnd_internal_imp_t@@@Z) 함수)에서 확인하지 못했습니다.
ChattingServer.obj : error LNK2019: __imp__Cnd_destroy 외부 기호(참조 위치: "public: __cdecl std::_Auto_cnd::~_Auto_cnd(void)" (??1_Auto_cnd@std@@QEAA@XZ) 함수)에서 확인하지 못했습니다.
ChattingServer.obj : error LNK2019: __imp__Cnd_wait 외부 기호(참조 위치: "int __cdecl std::_Cnd_waitX(struct _Cnd_internal_imp_t *,struct _Mtx_internal_imp_t *)" (?_Cnd_waitX@std@@YAHPEAU_Cnd_internal_imp_t@@PEAU_Mtx_internal_imp_t@@@Z) 함수)에서 확인하지 못했습니다.
ChattingServer.obj : error LNK2019: __imp__Cnd_signal 외부 기호(참조 위치: "int __cdecl std::_Cnd_signalX(struct _Cnd_internal_imp_t *)" (?_Cnd_signalX@std@@YAHPEAU_Cnd_internal_imp_t@@@Z) 함수)에서 확인하지 못했습니다.
ChattingServer.obj : error LNK2019: __imp__Cnd_do_broadcast_at_thread_exit 외부 기호(참조 위치: "private: static unsigned int __cdecl std::_Pad::_Call_func(void *)" (?_Call_func@_Pad@std@@CAIPEAX@Z) 함수)에서 확인하지 못했습니다.
ChattingServer.obj : error LNK2019: "__declspec(dllimport) void __cdecl std::_Throw_C_error(int)" (__imp_?_Throw_C_error@std@@YAXH@Z) 외부 기호(참조 위치: "int __cdecl std::_Check_C_return(int)" (?_Check_C_return@std@@YAHH@Z) 함수)에서 확인하지 못했습니다.
ChattingServer.obj : error LNK2019: "__declspec(dllimport) void __cdecl std::_Throw_Cpp_error(int)" (__imp_?_Throw_Cpp_error@std@@YAXH@Z) 외부 기호(참조 위치: "public: void __cdecl std::thread::join(void)" (?join@thread@std@@QEAAXXZ) 함수)에서 확인하지 못했습니다.
ChattingServer.obj : error LNK2019: __imp_bind 외부 기호(참조 위치: "public: void __cdecl ChattingServer::AcceptThread(void)" (?AcceptThread@ChattingServer@@QEAAXXZ) 함수)에서 확인하지 못했습니다.
ChattingServer.obj : error LNK2019: __imp_closesocket 외부 기호(참조 위치: "public: void __cdecl ChattingServer::CloseSocket(int)" (?CloseSocket@ChattingServer@@QEAAXH@Z) 함수)에서 확인하지 못했습니다.
ChattingServer.obj : error LNK2019: __imp_htonl 외부 기호(참조 위치: "public: void __cdecl ChattingServer::AcceptThread(void)" (?AcceptThread@ChattingServer@@QEAAXXZ) 함수)에서 확인하지 못했습니다.
ChattingServer.obj : error LNK2019: __imp_htons 외부 기호(참조 위치: "public: void __cdecl ChattingServer::AcceptThread(void)" (?AcceptThread@ChattingServer@@QEAAXXZ) 함수)에서 확인하지 못했습니다.
ChattingServer.obj : error LNK2019: __imp_inet_ntoa 외부 기호(참조 위치: "public: void __cdecl ChattingServer::AcceptThread(void)" (?AcceptThread@ChattingServer@@QEAAXXZ) 함수)에서 확인하지 못했습니다.
ChattingServer.obj : error LNK2019: __imp_listen 외부 기호(참조 위치: "public: void __cdecl ChattingServer::AcceptThread(void)" (?AcceptThread@ChattingServer@@QEAAXXZ) 함수)에서 확인하지 못했습니다.
ChattingServer.obj : error LNK2019: __imp_ntohs 외부 기호(참조 위치: "public: void __cdecl ChattingServer::AcceptThread(void)" (?AcceptThread@ChattingServer@@QEAAXXZ) 함수)에서 확인하지 못했습니다.
ChattingServer.obj : error LNK2019: __imp_WSAStartup 외부 기호(참조 위치: "public: void __cdecl ChattingServer::InitServer(void)" (?InitServer@ChattingServer@@QEAAXXZ) 함수)에서 확인하지 못했습니다.
ChattingServer.obj : error LNK2019: __imp_WSAGetLastError 외부 기호(참조 위치: "public: void __cdecl ChattingServer::AcceptThread(void)" (?AcceptThread@ChattingServer@@QEAAXXZ) 함수)에서 확인하지 못했습니다.
ChattingServer.obj : error LNK2019: __imp_WSAAccept 외부 기호(참조 위치: "public: void __cdecl ChattingServer::AcceptThread(void)" (?AcceptThread@ChattingServer@@QEAAXXZ) 함수)에서 확인하지 못했습니다.
ChattingServer.obj : error LNK2019: __imp_WSARecv 외부 기호(참조 위치: "public: int __cdecl ChattingServer::WsaRecv(int)" (?WsaRecv@ChattingServer@@QEAAHH@Z) 함수)에서 확인하지 못했습니다.
ChattingServer.obj : error LNK2019: __imp_WSASend 외부 기호(참조 위치: "public: int __cdecl ChattingServer::SendPacket(int,unsigned char *)" (?SendPacket@ChattingServer@@QEAAHHPEAE@Z) 함수)에서 확인하지 못했습니다.
ChattingServer.obj : error LNK2019: __imp_WSASocketW 외부 기호(참조 위치: "public: void __cdecl ChattingServer::AcceptThread(void)" (?AcceptThread@ChattingServer@@QEAAXXZ) 함수)에서 확인하지 못했습니다.
ChattingServer.obj : error LNK2001: __GSHandlerCheck 외부 기호를 확인할 수 없습니다.
ChattingServer.obj : error LNK2001: __GSHandlerCheck_EH 외부 기호를 확인할 수 없습니다.
ChattingServer.obj : error LNK2019: __security_check_cookie 외부 기호(참조 위치: "public: void __cdecl ChattingServer::AcceptThread(void)" (?AcceptThread@ChattingServer@@QEAAXXZ) 함수)에서 확인하지 못했습니다.
ChattingServer.obj : error LNK2001: "__declspec(dllimport) class std::basic_ostream<char,struct std::char_traits<char> > std::cout" (__imp_?cout@std@@3V?$basic_ostream@DU?$char_traits@D@std@@@1@A) 외부 기호를 확인할 수 없습니다.
ChattingServer.obj : error LNK2019: __security_cookie 외부 기호(참조 위치: "public: void __cdecl ChattingServer::AcceptThread(void)" (?AcceptThread@ChattingServer@@QEAAXXZ) 함수)에서 확인하지 못했습니다.
Singleton.obj : error LNK2019: "void __cdecl `eh vector constructor iterator'(void *,unsigned __int64,unsigned __int64,void (__cdecl*)(void *),void (__cdecl*)(void *))" (??_L@YAXPEAX_K1P6AX0@Z2@Z) 외부 기호(참조 위치: "public: __cdecl Singleton::Singleton(void)" (??0Singleton@@QEAA@XZ) 함수)에서 확인하지 못했습니다.
Singleton.obj : error LNK2019: "void __cdecl `eh vector destructor iterator'(void *,unsigned __int64,unsigned __int64,void (__cdecl*)(void *))" (??_M@YAXPEAX_K1P6AX0@Z@Z) 외부 기호(참조 위치: "public: virtual void * __cdecl Channel::`vector deleting destructor'(unsigned int)" (??_EChannel@@UEAAPEAXI@Z) 함수)에서 확인하지 못했습니다.
Singleton.obj : error LNK2019: "void * __cdecl operator new[](unsigned __int64)" (??_U@YAPEAX_K@Z) 외부 기호(참조 위치: "public: __cdecl Singleton::Singleton(void)" (??0Singleton@@QEAA@XZ) 함수)에서 확인하지 못했습니다.
Singleton.obj : error LNK2019: "void __cdecl operator delete[](void *,unsigned __int64)" (??_V@YAXPEAX_K@Z) 외부 기호(참조 위치: "int `public: __cdecl Singleton::Singleton(void)'::`1'::dtor$0" (?dtor$0@?0???0Singleton@@QEAA@XZ@4HA) 함수)에서 확인하지 못했습니다.
LINK : error LNK2001: mainCRTStartup 외부 기호를 확인할 수 없습니다.
C:\Users\songyikim\Source\Repos\ChattingServer\x64\Debug\ChattingServer.exe : fatal error LNK1120: 85개의 확인할 수 없는 외부 참조입니다.
