  server.cpp
c:\users\song\documents\protobuf-cpp-3.5.1\protobuf-3.5.1\src\google\protobuf\stubs\logging.h(100): warning C4251: 'google::protobuf::internal::LogMessage::message_': class 'std::basic_string<char,std::char_traits<char>,std::allocator<char>>'에서는 class 'google::protobuf::internal::LogMessage'의 클라이언트에서 DLL 인터페이스를 사용하도록 지정해야 합니다.
  c:\program files (x86)\microsoft visual studio 14.0\vc\include\xstring(2633): note: 'std::basic_string<char,std::char_traits<char>,std::allocator<char>>' 선언을 참조하십시오.
c:\users\song\documents\protobuf-cpp-3.5.1\protobuf-3.5.1\src\google\protobuf\io\zero_copy_stream_impl_lite.h(242): warning C4251: 'google::protobuf::io::CopyingInputStreamAdaptor::buffer_': class 'google::protobuf::internal::scoped_array<google::protobuf::uint8>'에서는 class 'google::protobuf::io::CopyingInputStreamAdaptor'의 클라이언트에서 DLL 인터페이스를 사용하도록 지정해야 합니다.
  c:\users\song\documents\protobuf-cpp-3.5.1\protobuf-3.5.1\src\google\protobuf\io\zero_copy_stream_impl_lite.h(242): note: 'google::protobuf::internal::scoped_array<google::protobuf::uint8>' 선언을 참조하십시오.
c:\users\song\documents\protobuf-cpp-3.5.1\protobuf-3.5.1\src\google\protobuf\io\zero_copy_stream_impl_lite.h(331): warning C4251: 'google::protobuf::io::CopyingOutputStreamAdaptor::buffer_': class 'google::protobuf::internal::scoped_array<google::protobuf::uint8>'에서는 class 'google::protobuf::io::CopyingOutputStreamAdaptor'의 클라이언트에서 DLL 인터페이스를 사용하도록 지정해야 합니다.
  c:\users\song\documents\protobuf-cpp-3.5.1\protobuf-3.5.1\src\google\protobuf\io\zero_copy_stream_impl_lite.h(242): note: 'google::protobuf::internal::scoped_array<google::protobuf::uint8>' 선언을 참조하십시오.
c:\users\song\documents\protobuf-cpp-3.5.1\protobuf-3.5.1\src\google\protobuf\descriptor.h(1805): warning C4251: 'google::protobuf::DescriptorPool::tables_': class 'google::protobuf::internal::scoped_ptr<google::protobuf::DescriptorPool::Tables>'에서는 class 'google::protobuf::DescriptorPool'의 클라이언트에서 DLL 인터페이스를 사용하도록 지정해야 합니다.
  c:\users\song\documents\protobuf-cpp-3.5.1\protobuf-3.5.1\src\google\protobuf\descriptor.h(1805): note: 'google::protobuf::internal::scoped_ptr<google::protobuf::DescriptorPool::Tables>' 선언을 참조하십시오.
c:\users\song\documents\protobuf-cpp-3.5.1\protobuf-3.5.1\src\google\protobuf\descriptor.h(1812): warning C4251: 'google::protobuf::DescriptorPool::unused_import_track_files_': class 'std::set<std::string,std::less<_Kty>,std::allocator<_Ty>>'에서는 class 'google::protobuf::DescriptorPool'의 클라이언트에서 DLL 인터페이스를 사용하도록 지정해야 합니다.
          with
          [
              _Kty=std::string,
              _Ty=std::string
          ]
  c:\users\song\documents\protobuf-cpp-3.5.1\protobuf-3.5.1\src\google\protobuf\descriptor.h(1812): note: 'std::set<std::string,std::less<_Kty>,std::allocator<_Ty>>' 선언을 참조하십시오.
          with
          [
              _Kty=std::string,
              _Ty=std::string
          ]
c:\users\song\documents\protobuf-cpp-3.5.1\protobuf-3.5.1\src\google\protobuf\arena_impl.h(171): warning C4251: 'google::protobuf::internal::ArenaImpl::lifecycle_id_generator_': class 'google::protobuf::internal::SequenceNumber'에서는 class 'google::protobuf::internal::ArenaImpl'의 클라이언트에서 DLL 인터페이스를 사용하도록 지정해야 합니다.
  c:\users\song\documents\protobuf-cpp-3.5.1\protobuf-3.5.1\src\google\protobuf\stubs\atomic_sequence_num.h(39): note: 'google::protobuf::internal::SequenceNumber' 선언을 참조하십시오.
c:\users\song\documents\protobuf-cpp-3.5.1\protobuf-3.5.1\src\google\protobuf\arena_impl.h(225): warning C4251: 'google::protobuf::internal::ArenaImpl::options_': struct 'google::protobuf::internal::ArenaImpl::Options'에서는 class 'google::protobuf::internal::ArenaImpl'의 클라이언트에서 DLL 인터페이스를 사용하도록 지정해야 합니다.
  c:\users\song\documents\protobuf-cpp-3.5.1\protobuf-3.5.1\src\google\protobuf\arena_impl.h(65): note: 'google::protobuf::internal::ArenaImpl::Options' 선언을 참조하십시오.
c:\users\song\documents\protobuf-cpp-3.5.1\protobuf-3.5.1\src\google\protobuf\text_format.h(352): warning C4251: 'google::protobuf::TextFormat::Printer::default_field_value_printer_': class 'google::protobuf::internal::scoped_ptr<const google::protobuf::TextFormat::FastFieldValuePrinter>'에서는 class 'google::protobuf::TextFormat::Printer'의 클라이언트에서 DLL 인터페이스를 사용하도록 지정해야 합니다.
  c:\users\song\documents\protobuf-cpp-3.5.1\protobuf-3.5.1\src\google\protobuf\text_format.h(352): note: 'google::protobuf::internal::scoped_ptr<const google::protobuf::TextFormat::FastFieldValuePrinter>' 선언을 참조하십시오.
c:\users\song\documents\protobuf-cpp-3.5.1\protobuf-3.5.1\src\google\protobuf\text_format.h(355): warning C4251: 'google::protobuf::TextFormat::Printer::custom_printers_': class 'std::map<const google::protobuf::FieldDescriptor *,const google::protobuf::TextFormat::FastFieldValuePrinter *,std::less<_Kty>,std::allocator<std::pair<const _Kty,_Ty>>>'에서는 class 'google::protobuf::TextFormat::Printer'의 클라이언트에서 DLL 인터페이스를 사용하도록 지정해야 합니다.
          with
          [
              _Kty=const google::protobuf::FieldDescriptor *,
              _Ty=const google::protobuf::TextFormat::FastFieldValuePrinter *
          ]
  c:\users\song\documents\protobuf-cpp-3.5.1\protobuf-3.5.1\src\google\protobuf\text_format.h(353): note: 'std::map<const google::protobuf::FieldDescriptor *,const google::protobuf::TextFormat::FastFieldValuePrinter *,std::less<_Kty>,std::allocator<std::pair<const _Kty,_Ty>>>' 선언을 참조하십시오.
          with
          [
              _Kty=const google::protobuf::FieldDescriptor *,
              _Ty=const google::protobuf::TextFormat::FastFieldValuePrinter *
          ]
c:\users\song\documents\protobuf-cpp-3.5.1\protobuf-3.5.1\src\google\protobuf\text_format.h(451): warning C4251: 'google::protobuf::TextFormat::ParseInfoTree::locations_': class 'std::map<const google::protobuf::FieldDescriptor *,std::vector<google::protobuf::TextFormat::ParseLocation,std::allocator<_Ty>>,std::less<_Kty>,std::allocator<std::pair<const _Kty,std::vector<_Ty,std::allocator<_Ty>>>>>'에서는 class 'google::protobuf::TextFormat::ParseInfoTree'의 클라이언트에서 DLL 인터페이스를 사용하도록 지정해야 합니다.
          with
          [
              _Ty=google::protobuf::TextFormat::ParseLocation,
              _Kty=const google::protobuf::FieldDescriptor *
          ]
  c:\users\song\documents\protobuf-cpp-3.5.1\protobuf-3.5.1\src\google\protobuf\text_format.h(443): note: 'std::map<const google::protobuf::FieldDescriptor *,std::vector<google::protobuf::TextFormat::ParseLocation,std::allocator<_Ty>>,std::less<_Kty>,std::allocator<std::pair<const _Kty,std::vector<_Ty,std::allocator<_Ty>>>>>' 선언을 참조하십시오.
          with
          [
              _Ty=google::protobuf::TextFormat::ParseLocation,
              _Kty=const google::protobuf::FieldDescriptor *
          ]
c:\users\song\documents\protobuf-cpp-3.5.1\protobuf-3.5.1\src\google\protobuf\text_format.h(452): warning C4251: 'google::protobuf::TextFormat::ParseInfoTree::nested_': class 'std::map<const google::protobuf::FieldDescriptor *,std::vector<google::protobuf::TextFormat::ParseInfoTree *,std::allocator<_Ty>>,std::less<_Kty>,std::allocator<std::pair<const _Kty,std::vector<_Ty,std::allocator<_Ty>>>>>'에서는 class 'google::protobuf::TextFormat::ParseInfoTree'의 클라이언트에서 DLL 인터페이스를 사용하도록 지정해야 합니다.
          with
          [
              _Ty=google::protobuf::TextFormat::ParseInfoTree *,
              _Kty=const google::protobuf::FieldDescriptor *
          ]
  c:\users\song\documents\protobuf-cpp-3.5.1\protobuf-3.5.1\src\google\protobuf\text_format.h(448): note: 'std::map<const google::protobuf::FieldDescriptor *,std::vector<google::protobuf::TextFormat::ParseInfoTree *,std::allocator<_Ty>>,std::less<_Kty>,std::allocator<std::pair<const _Kty,std::vector<_Ty,std::allocator<_Ty>>>>>' 선언을 참조하십시오.
          with
          [
              _Ty=google::protobuf::TextFormat::ParseInfoTree *,
              _Kty=const google::protobuf::FieldDescriptor *
          ]
c:\users\song\documents\protobuf-cpp-3.5.1\protobuf-3.5.1\src\google\protobuf\io\coded_stream.h(869): warning C4800: 'google::protobuf::internal::Atomic32': 'true' 또는 'false'로 bool 값을 강제하고 있습니다(성능 경고).
c:\users\song\documents\protobuf-cpp-3.5.1\protobuf-3.5.1\src\google\protobuf\wire_format_lite.h(863): warning C4146: 단항 빼기 연산자가 부호 없는 형식에 적용되었습니다. 결과는 역시 unsigned입니다.
c:\users\song\documents\protobuf-cpp-3.5.1\protobuf-3.5.1\src\google\protobuf\wire_format_lite.h(874): warning C4146: 단항 빼기 연산자가 부호 없는 형식에 적용되었습니다. 결과는 역시 unsigned입니다.
c:\users\song\documents\protobuf-cpp-3.5.1\protobuf-3.5.1\src\google\protobuf\generated_message_util.h(160): warning C4800: 'google::protobuf::uint32': 'true' 또는 'false'로 bool 값을 강제하고 있습니다(성능 경고).
c:\users\song\documents\protobuf-cpp-3.5.1\protobuf-3.5.1\src\google\protobuf\metadata_lite.h(217): warning C4251: 'google::protobuf::internal::LiteUnknownFieldSetter::buffer_': class 'std::basic_string<char,std::char_traits<char>,std::allocator<char>>'에서는 class 'google::protobuf::internal::LiteUnknownFieldSetter'의 클라이언트에서 DLL 인터페이스를 사용하도록 지정해야 합니다.
  c:\program files (x86)\microsoft visual studio 14.0\vc\include\xstring(2633): note: 'std::basic_string<char,std::char_traits<char>,std::allocator<char>>' 선언을 참조하십시오.
c:\users\song\documents\protobuf-cpp-3.5.1\protobuf-3.5.1\src\google\protobuf\extension_set.h(640): warning C4251: 'google::protobuf::internal::ExtensionSet::extensions_': class 'std::map<int,google::protobuf::internal::ExtensionSet::Extension,std::less<int>,std::allocator<std::pair<const _Kty,_Ty>>>'에서는 class 'google::protobuf::internal::ExtensionSet'의 클라이언트에서 DLL 인터페이스를 사용하도록 지정해야 합니다.
          with
          [
              _Kty=int,
              _Ty=google::protobuf::internal::ExtensionSet::Extension
          ]
  c:\users\song\documents\protobuf-cpp-3.5.1\protobuf-3.5.1\src\google\protobuf\extension_set.h(569): note: 'std::map<int,google::protobuf::internal::ExtensionSet::Extension,std::less<int>,std::allocator<std::pair<const _Kty,_Ty>>>' 선언을 참조하십시오.
          with
          [
              _Kty=int,
              _Ty=google::protobuf::internal::ExtensionSet::Extension
          ]
  User.cpp
c:\users\song\documents\protobuf-cpp-3.5.1\protobuf-3.5.1\src\google\protobuf\stubs\logging.h(100): warning C4251: 'google::protobuf::internal::LogMessage::message_': class 'std::basic_string<char,std::char_traits<char>,std::allocator<char>>'에서는 class 'google::protobuf::internal::LogMessage'의 클라이언트에서 DLL 인터페이스를 사용하도록 지정해야 합니다.
  c:\program files (x86)\microsoft visual studio 14.0\vc\include\xstring(2633): note: 'std::basic_string<char,std::char_traits<char>,std::allocator<char>>' 선언을 참조하십시오.
c:\users\song\documents\protobuf-cpp-3.5.1\protobuf-3.5.1\src\google\protobuf\io\zero_copy_stream_impl_lite.h(242): warning C4251: 'google::protobuf::io::CopyingInputStreamAdaptor::buffer_': class 'google::protobuf::internal::scoped_array<google::protobuf::uint8>'에서는 class 'google::protobuf::io::CopyingInputStreamAdaptor'의 클라이언트에서 DLL 인터페이스를 사용하도록 지정해야 합니다.
  c:\users\song\documents\protobuf-cpp-3.5.1\protobuf-3.5.1\src\google\protobuf\io\zero_copy_stream_impl_lite.h(242): note: 'google::protobuf::internal::scoped_array<google::protobuf::uint8>' 선언을 참조하십시오.
c:\users\song\documents\protobuf-cpp-3.5.1\protobuf-3.5.1\src\google\protobuf\io\zero_copy_stream_impl_lite.h(331): warning C4251: 'google::protobuf::io::CopyingOutputStreamAdaptor::buffer_': class 'google::protobuf::internal::scoped_array<google::protobuf::uint8>'에서는 class 'google::protobuf::io::CopyingOutputStreamAdaptor'의 클라이언트에서 DLL 인터페이스를 사용하도록 지정해야 합니다.
  c:\users\song\documents\protobuf-cpp-3.5.1\protobuf-3.5.1\src\google\protobuf\io\zero_copy_stream_impl_lite.h(242): note: 'google::protobuf::internal::scoped_array<google::protobuf::uint8>' 선언을 참조하십시오.
c:\users\song\documents\protobuf-cpp-3.5.1\protobuf-3.5.1\src\google\protobuf\descriptor.h(1805): warning C4251: 'google::protobuf::DescriptorPool::tables_': class 'google::protobuf::internal::scoped_ptr<google::protobuf::DescriptorPool::Tables>'에서는 class 'google::protobuf::DescriptorPool'의 클라이언트에서 DLL 인터페이스를 사용하도록 지정해야 합니다.
  c:\users\song\documents\protobuf-cpp-3.5.1\protobuf-3.5.1\src\google\protobuf\descriptor.h(1805): note: 'google::protobuf::internal::scoped_ptr<google::protobuf::DescriptorPool::Tables>' 선언을 참조하십시오.
c:\users\song\documents\protobuf-cpp-3.5.1\protobuf-3.5.1\src\google\protobuf\descriptor.h(1812): warning C4251: 'google::protobuf::DescriptorPool::unused_import_track_files_': class 'std::set<std::string,std::less<_Kty>,std::allocator<_Ty>>'에서는 class 'google::protobuf::DescriptorPool'의 클라이언트에서 DLL 인터페이스를 사용하도록 지정해야 합니다.
          with
          [
              _Kty=std::string,
              _Ty=std::string
          ]
  c:\users\song\documents\protobuf-cpp-3.5.1\protobuf-3.5.1\src\google\protobuf\descriptor.h(1812): note: 'std::set<std::string,std::less<_Kty>,std::allocator<_Ty>>' 선언을 참조하십시오.
          with
          [
              _Kty=std::string,
              _Ty=std::string
          ]
c:\users\song\documents\protobuf-cpp-3.5.1\protobuf-3.5.1\src\google\protobuf\arena_impl.h(171): warning C4251: 'google::protobuf::internal::ArenaImpl::lifecycle_id_generator_': class 'google::protobuf::internal::SequenceNumber'에서는 class 'google::protobuf::internal::ArenaImpl'의 클라이언트에서 DLL 인터페이스를 사용하도록 지정해야 합니다.
  c:\users\song\documents\protobuf-cpp-3.5.1\protobuf-3.5.1\src\google\protobuf\stubs\atomic_sequence_num.h(39): note: 'google::protobuf::internal::SequenceNumber' 선언을 참조하십시오.
c:\users\song\documents\protobuf-cpp-3.5.1\protobuf-3.5.1\src\google\protobuf\arena_impl.h(225): warning C4251: 'google::protobuf::internal::ArenaImpl::options_': struct 'google::protobuf::internal::ArenaImpl::Options'에서는 class 'google::protobuf::internal::ArenaImpl'의 클라이언트에서 DLL 인터페이스를 사용하도록 지정해야 합니다.
  c:\users\song\documents\protobuf-cpp-3.5.1\protobuf-3.5.1\src\google\protobuf\arena_impl.h(65): note: 'google::protobuf::internal::ArenaImpl::Options' 선언을 참조하십시오.
c:\users\song\documents\protobuf-cpp-3.5.1\protobuf-3.5.1\src\google\protobuf\text_format.h(352): warning C4251: 'google::protobuf::TextFormat::Printer::default_field_value_printer_': class 'google::protobuf::internal::scoped_ptr<const google::protobuf::TextFormat::FastFieldValuePrinter>'에서는 class 'google::protobuf::TextFormat::Printer'의 클라이언트에서 DLL 인터페이스를 사용하도록 지정해야 합니다.
  c:\users\song\documents\protobuf-cpp-3.5.1\protobuf-3.5.1\src\google\protobuf\text_format.h(352): note: 'google::protobuf::internal::scoped_ptr<const google::protobuf::TextFormat::FastFieldValuePrinter>' 선언을 참조하십시오.
c:\users\song\documents\protobuf-cpp-3.5.1\protobuf-3.5.1\src\google\protobuf\text_format.h(355): warning C4251: 'google::protobuf::TextFormat::Printer::custom_printers_': class 'std::map<const google::protobuf::FieldDescriptor *,const google::protobuf::TextFormat::FastFieldValuePrinter *,std::less<_Kty>,std::allocator<std::pair<const _Kty,_Ty>>>'에서는 class 'google::protobuf::TextFormat::Printer'의 클라이언트에서 DLL 인터페이스를 사용하도록 지정해야 합니다.
          with
          [
              _Kty=const google::protobuf::FieldDescriptor *,
              _Ty=const google::protobuf::TextFormat::FastFieldValuePrinter *
          ]
  c:\users\song\documents\protobuf-cpp-3.5.1\protobuf-3.5.1\src\google\protobuf\text_format.h(353): note: 'std::map<const google::protobuf::FieldDescriptor *,const google::protobuf::TextFormat::FastFieldValuePrinter *,std::less<_Kty>,std::allocator<std::pair<const _Kty,_Ty>>>' 선언을 참조하십시오.
          with
          [
              _Kty=const google::protobuf::FieldDescriptor *,
              _Ty=const google::protobuf::TextFormat::FastFieldValuePrinter *
          ]
c:\users\song\documents\protobuf-cpp-3.5.1\protobuf-3.5.1\src\google\protobuf\text_format.h(451): warning C4251: 'google::protobuf::TextFormat::ParseInfoTree::locations_': class 'std::map<const google::protobuf::FieldDescriptor *,std::vector<google::protobuf::TextFormat::ParseLocation,std::allocator<_Ty>>,std::less<_Kty>,std::allocator<std::pair<const _Kty,std::vector<_Ty,std::allocator<_Ty>>>>>'에서는 class 'google::protobuf::TextFormat::ParseInfoTree'의 클라이언트에서 DLL 인터페이스를 사용하도록 지정해야 합니다.
          with
          [
              _Ty=google::protobuf::TextFormat::ParseLocation,
              _Kty=const google::protobuf::FieldDescriptor *
          ]
  c:\users\song\documents\protobuf-cpp-3.5.1\protobuf-3.5.1\src\google\protobuf\text_format.h(443): note: 'std::map<const google::protobuf::FieldDescriptor *,std::vector<google::protobuf::TextFormat::ParseLocation,std::allocator<_Ty>>,std::less<_Kty>,std::allocator<std::pair<const _Kty,std::vector<_Ty,std::allocator<_Ty>>>>>' 선언을 참조하십시오.
          with
          [
              _Ty=google::protobuf::TextFormat::ParseLocation,
              _Kty=const google::protobuf::FieldDescriptor *
          ]
c:\users\song\documents\protobuf-cpp-3.5.1\protobuf-3.5.1\src\google\protobuf\text_format.h(452): warning C4251: 'google::protobuf::TextFormat::ParseInfoTree::nested_': class 'std::map<const google::protobuf::FieldDescriptor *,std::vector<google::protobuf::TextFormat::ParseInfoTree *,std::allocator<_Ty>>,std::less<_Kty>,std::allocator<std::pair<const _Kty,std::vector<_Ty,std::allocator<_Ty>>>>>'에서는 class 'google::protobuf::TextFormat::ParseInfoTree'의 클라이언트에서 DLL 인터페이스를 사용하도록 지정해야 합니다.
          with
          [
              _Ty=google::protobuf::TextFormat::ParseInfoTree *,
              _Kty=const google::protobuf::FieldDescriptor *
          ]
  c:\users\song\documents\protobuf-cpp-3.5.1\protobuf-3.5.1\src\google\protobuf\text_format.h(448): note: 'std::map<const google::protobuf::FieldDescriptor *,std::vector<google::protobuf::TextFormat::ParseInfoTree *,std::allocator<_Ty>>,std::less<_Kty>,std::allocator<std::pair<const _Kty,std::vector<_Ty,std::allocator<_Ty>>>>>' 선언을 참조하십시오.
          with
          [
              _Ty=google::protobuf::TextFormat::ParseInfoTree *,
              _Kty=const google::protobuf::FieldDescriptor *
          ]
c:\users\song\documents\protobuf-cpp-3.5.1\protobuf-3.5.1\src\google\protobuf\io\coded_stream.h(869): warning C4800: 'google::protobuf::internal::Atomic32': 'true' 또는 'false'로 bool 값을 강제하고 있습니다(성능 경고).
c:\users\song\documents\protobuf-cpp-3.5.1\protobuf-3.5.1\src\google\protobuf\wire_format_lite.h(863): warning C4146: 단항 빼기 연산자가 부호 없는 형식에 적용되었습니다. 결과는 역시 unsigned입니다.
c:\users\song\documents\protobuf-cpp-3.5.1\protobuf-3.5.1\src\google\protobuf\wire_format_lite.h(874): warning C4146: 단항 빼기 연산자가 부호 없는 형식에 적용되었습니다. 결과는 역시 unsigned입니다.
c:\users\song\documents\protobuf-cpp-3.5.1\protobuf-3.5.1\src\google\protobuf\generated_message_util.h(160): warning C4800: 'google::protobuf::uint32': 'true' 또는 'false'로 bool 값을 강제하고 있습니다(성능 경고).
c:\users\song\documents\protobuf-cpp-3.5.1\protobuf-3.5.1\src\google\protobuf\metadata_lite.h(217): warning C4251: 'google::protobuf::internal::LiteUnknownFieldSetter::buffer_': class 'std::basic_string<char,std::char_traits<char>,std::allocator<char>>'에서는 class 'google::protobuf::internal::LiteUnknownFieldSetter'의 클라이언트에서 DLL 인터페이스를 사용하도록 지정해야 합니다.
  c:\program files (x86)\microsoft visual studio 14.0\vc\include\xstring(2633): note: 'std::basic_string<char,std::char_traits<char>,std::allocator<char>>' 선언을 참조하십시오.
c:\users\song\documents\protobuf-cpp-3.5.1\protobuf-3.5.1\src\google\protobuf\extension_set.h(640): warning C4251: 'google::protobuf::internal::ExtensionSet::extensions_': class 'std::map<int,google::protobuf::internal::ExtensionSet::Extension,std::less<int>,std::allocator<std::pair<const _Kty,_Ty>>>'에서는 class 'google::protobuf::internal::ExtensionSet'의 클라이언트에서 DLL 인터페이스를 사용하도록 지정해야 합니다.
          with
          [
              _Kty=int,
              _Ty=google::protobuf::internal::ExtensionSet::Extension
          ]
  c:\users\song\documents\protobuf-cpp-3.5.1\protobuf-3.5.1\src\google\protobuf\extension_set.h(569): note: 'std::map<int,google::protobuf::internal::ExtensionSet::Extension,std::less<int>,std::allocator<std::pair<const _Kty,_Ty>>>' 선언을 참조하십시오.
          with
          [
              _Kty=int,
              _Ty=google::protobuf::internal::ExtensionSet::Extension
          ]
  Singleton.cpp
c:\users\song\documents\protobuf-cpp-3.5.1\protobuf-3.5.1\src\google\protobuf\stubs\logging.h(100): warning C4251: 'google::protobuf::internal::LogMessage::message_': class 'std::basic_string<char,std::char_traits<char>,std::allocator<char>>'에서는 class 'google::protobuf::internal::LogMessage'의 클라이언트에서 DLL 인터페이스를 사용하도록 지정해야 합니다.
  c:\program files (x86)\microsoft visual studio 14.0\vc\include\xstring(2633): note: 'std::basic_string<char,std::char_traits<char>,std::allocator<char>>' 선언을 참조하십시오.
c:\users\song\documents\protobuf-cpp-3.5.1\protobuf-3.5.1\src\google\protobuf\io\zero_copy_stream_impl_lite.h(242): warning C4251: 'google::protobuf::io::CopyingInputStreamAdaptor::buffer_': class 'google::protobuf::internal::scoped_array<google::protobuf::uint8>'에서는 class 'google::protobuf::io::CopyingInputStreamAdaptor'의 클라이언트에서 DLL 인터페이스를 사용하도록 지정해야 합니다.
  c:\users\song\documents\protobuf-cpp-3.5.1\protobuf-3.5.1\src\google\protobuf\io\zero_copy_stream_impl_lite.h(242): note: 'google::protobuf::internal::scoped_array<google::protobuf::uint8>' 선언을 참조하십시오.
c:\users\song\documents\protobuf-cpp-3.5.1\protobuf-3.5.1\src\google\protobuf\io\zero_copy_stream_impl_lite.h(331): warning C4251: 'google::protobuf::io::CopyingOutputStreamAdaptor::buffer_': class 'google::protobuf::internal::scoped_array<google::protobuf::uint8>'에서는 class 'google::protobuf::io::CopyingOutputStreamAdaptor'의 클라이언트에서 DLL 인터페이스를 사용하도록 지정해야 합니다.
  c:\users\song\documents\protobuf-cpp-3.5.1\protobuf-3.5.1\src\google\protobuf\io\zero_copy_stream_impl_lite.h(242): note: 'google::protobuf::internal::scoped_array<google::protobuf::uint8>' 선언을 참조하십시오.
c:\users\song\documents\protobuf-cpp-3.5.1\protobuf-3.5.1\src\google\protobuf\descriptor.h(1805): warning C4251: 'google::protobuf::DescriptorPool::tables_': class 'google::protobuf::internal::scoped_ptr<google::protobuf::DescriptorPool::Tables>'에서는 class 'google::protobuf::DescriptorPool'의 클라이언트에서 DLL 인터페이스를 사용하도록 지정해야 합니다.
  c:\users\song\documents\protobuf-cpp-3.5.1\protobuf-3.5.1\src\google\protobuf\descriptor.h(1805): note: 'google::protobuf::internal::scoped_ptr<google::protobuf::DescriptorPool::Tables>' 선언을 참조하십시오.
c:\users\song\documents\protobuf-cpp-3.5.1\protobuf-3.5.1\src\google\protobuf\descriptor.h(1812): warning C4251: 'google::protobuf::DescriptorPool::unused_import_track_files_': class 'std::set<std::string,std::less<_Kty>,std::allocator<_Ty>>'에서는 class 'google::protobuf::DescriptorPool'의 클라이언트에서 DLL 인터페이스를 사용하도록 지정해야 합니다.
          with
          [
              _Kty=std::string,
              _Ty=std::string
          ]
  c:\users\song\documents\protobuf-cpp-3.5.1\protobuf-3.5.1\src\google\protobuf\descriptor.h(1812): note: 'std::set<std::string,std::less<_Kty>,std::allocator<_Ty>>' 선언을 참조하십시오.
          with
          [
              _Kty=std::string,
              _Ty=std::string
          ]
c:\users\song\documents\protobuf-cpp-3.5.1\protobuf-3.5.1\src\google\protobuf\arena_impl.h(171): warning C4251: 'google::protobuf::internal::ArenaImpl::lifecycle_id_generator_': class 'google::protobuf::internal::SequenceNumber'에서는 class 'google::protobuf::internal::ArenaImpl'의 클라이언트에서 DLL 인터페이스를 사용하도록 지정해야 합니다.
  c:\users\song\documents\protobuf-cpp-3.5.1\protobuf-3.5.1\src\google\protobuf\stubs\atomic_sequence_num.h(39): note: 'google::protobuf::internal::SequenceNumber' 선언을 참조하십시오.
c:\users\song\documents\protobuf-cpp-3.5.1\protobuf-3.5.1\src\google\protobuf\arena_impl.h(225): warning C4251: 'google::protobuf::internal::ArenaImpl::options_': struct 'google::protobuf::internal::ArenaImpl::Options'에서는 class 'google::protobuf::internal::ArenaImpl'의 클라이언트에서 DLL 인터페이스를 사용하도록 지정해야 합니다.
  c:\users\song\documents\protobuf-cpp-3.5.1\protobuf-3.5.1\src\google\protobuf\arena_impl.h(65): note: 'google::protobuf::internal::ArenaImpl::Options' 선언을 참조하십시오.
c:\users\song\documents\protobuf-cpp-3.5.1\protobuf-3.5.1\src\google\protobuf\text_format.h(352): warning C4251: 'google::protobuf::TextFormat::Printer::default_field_value_printer_': class 'google::protobuf::internal::scoped_ptr<const google::protobuf::TextFormat::FastFieldValuePrinter>'에서는 class 'google::protobuf::TextFormat::Printer'의 클라이언트에서 DLL 인터페이스를 사용하도록 지정해야 합니다.
  c:\users\song\documents\protobuf-cpp-3.5.1\protobuf-3.5.1\src\google\protobuf\text_format.h(352): note: 'google::protobuf::internal::scoped_ptr<const google::protobuf::TextFormat::FastFieldValuePrinter>' 선언을 참조하십시오.
c:\users\song\documents\protobuf-cpp-3.5.1\protobuf-3.5.1\src\google\protobuf\text_format.h(355): warning C4251: 'google::protobuf::TextFormat::Printer::custom_printers_': class 'std::map<const google::protobuf::FieldDescriptor *,const google::protobuf::TextFormat::FastFieldValuePrinter *,std::less<_Kty>,std::allocator<std::pair<const _Kty,_Ty>>>'에서는 class 'google::protobuf::TextFormat::Printer'의 클라이언트에서 DLL 인터페이스를 사용하도록 지정해야 합니다.
          with
          [
              _Kty=const google::protobuf::FieldDescriptor *,
              _Ty=const google::protobuf::TextFormat::FastFieldValuePrinter *
          ]
  c:\users\song\documents\protobuf-cpp-3.5.1\protobuf-3.5.1\src\google\protobuf\text_format.h(353): note: 'std::map<const google::protobuf::FieldDescriptor *,const google::protobuf::TextFormat::FastFieldValuePrinter *,std::less<_Kty>,std::allocator<std::pair<const _Kty,_Ty>>>' 선언을 참조하십시오.
          with
          [
              _Kty=const google::protobuf::FieldDescriptor *,
              _Ty=const google::protobuf::TextFormat::FastFieldValuePrinter *
          ]
c:\users\song\documents\protobuf-cpp-3.5.1\protobuf-3.5.1\src\google\protobuf\text_format.h(451): warning C4251: 'google::protobuf::TextFormat::ParseInfoTree::locations_': class 'std::map<const google::protobuf::FieldDescriptor *,std::vector<google::protobuf::TextFormat::ParseLocation,std::allocator<_Ty>>,std::less<_Kty>,std::allocator<std::pair<const _Kty,std::vector<_Ty,std::allocator<_Ty>>>>>'에서는 class 'google::protobuf::TextFormat::ParseInfoTree'의 클라이언트에서 DLL 인터페이스를 사용하도록 지정해야 합니다.
          with
          [
              _Ty=google::protobuf::TextFormat::ParseLocation,
              _Kty=const google::protobuf::FieldDescriptor *
          ]
  c:\users\song\documents\protobuf-cpp-3.5.1\protobuf-3.5.1\src\google\protobuf\text_format.h(443): note: 'std::map<const google::protobuf::FieldDescriptor *,std::vector<google::protobuf::TextFormat::ParseLocation,std::allocator<_Ty>>,std::less<_Kty>,std::allocator<std::pair<const _Kty,std::vector<_Ty,std::allocator<_Ty>>>>>' 선언을 참조하십시오.
          with
          [
              _Ty=google::protobuf::TextFormat::ParseLocation,
              _Kty=const google::protobuf::FieldDescriptor *
          ]
c:\users\song\documents\protobuf-cpp-3.5.1\protobuf-3.5.1\src\google\protobuf\text_format.h(452): warning C4251: 'google::protobuf::TextFormat::ParseInfoTree::nested_': class 'std::map<const google::protobuf::FieldDescriptor *,std::vector<google::protobuf::TextFormat::ParseInfoTree *,std::allocator<_Ty>>,std::less<_Kty>,std::allocator<std::pair<const _Kty,std::vector<_Ty,std::allocator<_Ty>>>>>'에서는 class 'google::protobuf::TextFormat::ParseInfoTree'의 클라이언트에서 DLL 인터페이스를 사용하도록 지정해야 합니다.
          with
          [
              _Ty=google::protobuf::TextFormat::ParseInfoTree *,
              _Kty=const google::protobuf::FieldDescriptor *
          ]
  c:\users\song\documents\protobuf-cpp-3.5.1\protobuf-3.5.1\src\google\protobuf\text_format.h(448): note: 'std::map<const google::protobuf::FieldDescriptor *,std::vector<google::protobuf::TextFormat::ParseInfoTree *,std::allocator<_Ty>>,std::less<_Kty>,std::allocator<std::pair<const _Kty,std::vector<_Ty,std::allocator<_Ty>>>>>' 선언을 참조하십시오.
          with
          [
              _Ty=google::protobuf::TextFormat::ParseInfoTree *,
              _Kty=const google::protobuf::FieldDescriptor *
          ]
c:\users\song\documents\protobuf-cpp-3.5.1\protobuf-3.5.1\src\google\protobuf\io\coded_stream.h(869): warning C4800: 'google::protobuf::internal::Atomic32': 'true' 또는 'false'로 bool 값을 강제하고 있습니다(성능 경고).
c:\users\song\documents\protobuf-cpp-3.5.1\protobuf-3.5.1\src\google\protobuf\wire_format_lite.h(863): warning C4146: 단항 빼기 연산자가 부호 없는 형식에 적용되었습니다. 결과는 역시 unsigned입니다.
c:\users\song\documents\protobuf-cpp-3.5.1\protobuf-3.5.1\src\google\protobuf\wire_format_lite.h(874): warning C4146: 단항 빼기 연산자가 부호 없는 형식에 적용되었습니다. 결과는 역시 unsigned입니다.
c:\users\song\documents\protobuf-cpp-3.5.1\protobuf-3.5.1\src\google\protobuf\generated_message_util.h(160): warning C4800: 'google::protobuf::uint32': 'true' 또는 'false'로 bool 값을 강제하고 있습니다(성능 경고).
c:\users\song\documents\protobuf-cpp-3.5.1\protobuf-3.5.1\src\google\protobuf\metadata_lite.h(217): warning C4251: 'google::protobuf::internal::LiteUnknownFieldSetter::buffer_': class 'std::basic_string<char,std::char_traits<char>,std::allocator<char>>'에서는 class 'google::protobuf::internal::LiteUnknownFieldSetter'의 클라이언트에서 DLL 인터페이스를 사용하도록 지정해야 합니다.
  c:\program files (x86)\microsoft visual studio 14.0\vc\include\xstring(2633): note: 'std::basic_string<char,std::char_traits<char>,std::allocator<char>>' 선언을 참조하십시오.
c:\users\song\documents\protobuf-cpp-3.5.1\protobuf-3.5.1\src\google\protobuf\extension_set.h(640): warning C4251: 'google::protobuf::internal::ExtensionSet::extensions_': class 'std::map<int,google::protobuf::internal::ExtensionSet::Extension,std::less<int>,std::allocator<std::pair<const _Kty,_Ty>>>'에서는 class 'google::protobuf::internal::ExtensionSet'의 클라이언트에서 DLL 인터페이스를 사용하도록 지정해야 합니다.
          with
          [
              _Kty=int,
              _Ty=google::protobuf::internal::ExtensionSet::Extension
          ]
  c:\users\song\documents\protobuf-cpp-3.5.1\protobuf-3.5.1\src\google\protobuf\extension_set.h(569): note: 'std::map<int,google::protobuf::internal::ExtensionSet::Extension,std::less<int>,std::allocator<std::pair<const _Kty,_Ty>>>' 선언을 참조하십시오.
          with
          [
              _Kty=int,
              _Ty=google::protobuf::internal::ExtensionSet::Extension
          ]
  Room.cpp
c:\users\song\documents\protobuf-cpp-3.5.1\protobuf-3.5.1\src\google\protobuf\stubs\logging.h(100): warning C4251: 'google::protobuf::internal::LogMessage::message_': class 'std::basic_string<char,std::char_traits<char>,std::allocator<char>>'에서는 class 'google::protobuf::internal::LogMessage'의 클라이언트에서 DLL 인터페이스를 사용하도록 지정해야 합니다.
  c:\program files (x86)\microsoft visual studio 14.0\vc\include\xstring(2633): note: 'std::basic_string<char,std::char_traits<char>,std::allocator<char>>' 선언을 참조하십시오.
c:\users\song\documents\protobuf-cpp-3.5.1\protobuf-3.5.1\src\google\protobuf\io\zero_copy_stream_impl_lite.h(242): warning C4251: 'google::protobuf::io::CopyingInputStreamAdaptor::buffer_': class 'google::protobuf::internal::scoped_array<google::protobuf::uint8>'에서는 class 'google::protobuf::io::CopyingInputStreamAdaptor'의 클라이언트에서 DLL 인터페이스를 사용하도록 지정해야 합니다.
  c:\users\song\documents\protobuf-cpp-3.5.1\protobuf-3.5.1\src\google\protobuf\io\zero_copy_stream_impl_lite.h(242): note: 'google::protobuf::internal::scoped_array<google::protobuf::uint8>' 선언을 참조하십시오.
c:\users\song\documents\protobuf-cpp-3.5.1\protobuf-3.5.1\src\google\protobuf\io\zero_copy_stream_impl_lite.h(331): warning C4251: 'google::protobuf::io::CopyingOutputStreamAdaptor::buffer_': class 'google::protobuf::internal::scoped_array<google::protobuf::uint8>'에서는 class 'google::protobuf::io::CopyingOutputStreamAdaptor'의 클라이언트에서 DLL 인터페이스를 사용하도록 지정해야 합니다.
  c:\users\song\documents\protobuf-cpp-3.5.1\protobuf-3.5.1\src\google\protobuf\io\zero_copy_stream_impl_lite.h(242): note: 'google::protobuf::internal::scoped_array<google::protobuf::uint8>' 선언을 참조하십시오.
c:\users\song\documents\protobuf-cpp-3.5.1\protobuf-3.5.1\src\google\protobuf\descriptor.h(1805): warning C4251: 'google::protobuf::DescriptorPool::tables_': class 'google::protobuf::internal::scoped_ptr<google::protobuf::DescriptorPool::Tables>'에서는 class 'google::protobuf::DescriptorPool'의 클라이언트에서 DLL 인터페이스를 사용하도록 지정해야 합니다.
  c:\users\song\documents\protobuf-cpp-3.5.1\protobuf-3.5.1\src\google\protobuf\descriptor.h(1805): note: 'google::protobuf::internal::scoped_ptr<google::protobuf::DescriptorPool::Tables>' 선언을 참조하십시오.
c:\users\song\documents\protobuf-cpp-3.5.1\protobuf-3.5.1\src\google\protobuf\descriptor.h(1812): warning C4251: 'google::protobuf::DescriptorPool::unused_import_track_files_': class 'std::set<std::string,std::less<_Kty>,std::allocator<_Ty>>'에서는 class 'google::protobuf::DescriptorPool'의 클라이언트에서 DLL 인터페이스를 사용하도록 지정해야 합니다.
          with
          [
              _Kty=std::string,
              _Ty=std::string
          ]
  c:\users\song\documents\protobuf-cpp-3.5.1\protobuf-3.5.1\src\google\protobuf\descriptor.h(1812): note: 'std::set<std::string,std::less<_Kty>,std::allocator<_Ty>>' 선언을 참조하십시오.
          with
          [
              _Kty=std::string,
              _Ty=std::string
          ]
c:\users\song\documents\protobuf-cpp-3.5.1\protobuf-3.5.1\src\google\protobuf\arena_impl.h(171): warning C4251: 'google::protobuf::internal::ArenaImpl::lifecycle_id_generator_': class 'google::protobuf::internal::SequenceNumber'에서는 class 'google::protobuf::internal::ArenaImpl'의 클라이언트에서 DLL 인터페이스를 사용하도록 지정해야 합니다.
  c:\users\song\documents\protobuf-cpp-3.5.1\protobuf-3.5.1\src\google\protobuf\stubs\atomic_sequence_num.h(39): note: 'google::protobuf::internal::SequenceNumber' 선언을 참조하십시오.
c:\users\song\documents\protobuf-cpp-3.5.1\protobuf-3.5.1\src\google\protobuf\arena_impl.h(225): warning C4251: 'google::protobuf::internal::ArenaImpl::options_': struct 'google::protobuf::internal::ArenaImpl::Options'에서는 class 'google::protobuf::internal::ArenaImpl'의 클라이언트에서 DLL 인터페이스를 사용하도록 지정해야 합니다.
  c:\users\song\documents\protobuf-cpp-3.5.1\protobuf-3.5.1\src\google\protobuf\arena_impl.h(65): note: 'google::protobuf::internal::ArenaImpl::Options' 선언을 참조하십시오.
c:\users\song\documents\protobuf-cpp-3.5.1\protobuf-3.5.1\src\google\protobuf\text_format.h(352): warning C4251: 'google::protobuf::TextFormat::Printer::default_field_value_printer_': class 'google::protobuf::internal::scoped_ptr<const google::protobuf::TextFormat::FastFieldValuePrinter>'에서는 class 'google::protobuf::TextFormat::Printer'의 클라이언트에서 DLL 인터페이스를 사용하도록 지정해야 합니다.
  c:\users\song\documents\protobuf-cpp-3.5.1\protobuf-3.5.1\src\google\protobuf\text_format.h(352): note: 'google::protobuf::internal::scoped_ptr<const google::protobuf::TextFormat::FastFieldValuePrinter>' 선언을 참조하십시오.
c:\users\song\documents\protobuf-cpp-3.5.1\protobuf-3.5.1\src\google\protobuf\text_format.h(355): warning C4251: 'google::protobuf::TextFormat::Printer::custom_printers_': class 'std::map<const google::protobuf::FieldDescriptor *,const google::protobuf::TextFormat::FastFieldValuePrinter *,std::less<_Kty>,std::allocator<std::pair<const _Kty,_Ty>>>'에서는 class 'google::protobuf::TextFormat::Printer'의 클라이언트에서 DLL 인터페이스를 사용하도록 지정해야 합니다.
          with
          [
              _Kty=const google::protobuf::FieldDescriptor *,
              _Ty=const google::protobuf::TextFormat::FastFieldValuePrinter *
          ]
  c:\users\song\documents\protobuf-cpp-3.5.1\protobuf-3.5.1\src\google\protobuf\text_format.h(353): note: 'std::map<const google::protobuf::FieldDescriptor *,const google::protobuf::TextFormat::FastFieldValuePrinter *,std::less<_Kty>,std::allocator<std::pair<const _Kty,_Ty>>>' 선언을 참조하십시오.
          with
          [
              _Kty=const google::protobuf::FieldDescriptor *,
              _Ty=const google::protobuf::TextFormat::FastFieldValuePrinter *
          ]
c:\users\song\documents\protobuf-cpp-3.5.1\protobuf-3.5.1\src\google\protobuf\text_format.h(451): warning C4251: 'google::protobuf::TextFormat::ParseInfoTree::locations_': class 'std::map<const google::protobuf::FieldDescriptor *,std::vector<google::protobuf::TextFormat::ParseLocation,std::allocator<_Ty>>,std::less<_Kty>,std::allocator<std::pair<const _Kty,std::vector<_Ty,std::allocator<_Ty>>>>>'에서는 class 'google::protobuf::TextFormat::ParseInfoTree'의 클라이언트에서 DLL 인터페이스를 사용하도록 지정해야 합니다.
          with
          [
              _Ty=google::protobuf::TextFormat::ParseLocation,
              _Kty=const google::protobuf::FieldDescriptor *
          ]
  c:\users\song\documents\protobuf-cpp-3.5.1\protobuf-3.5.1\src\google\protobuf\text_format.h(443): note: 'std::map<const google::protobuf::FieldDescriptor *,std::vector<google::protobuf::TextFormat::ParseLocation,std::allocator<_Ty>>,std::less<_Kty>,std::allocator<std::pair<const _Kty,std::vector<_Ty,std::allocator<_Ty>>>>>' 선언을 참조하십시오.
          with
          [
              _Ty=google::protobuf::TextFormat::ParseLocation,
              _Kty=const google::protobuf::FieldDescriptor *
          ]
c:\users\song\documents\protobuf-cpp-3.5.1\protobuf-3.5.1\src\google\protobuf\text_format.h(452): warning C4251: 'google::protobuf::TextFormat::ParseInfoTree::nested_': class 'std::map<const google::protobuf::FieldDescriptor *,std::vector<google::protobuf::TextFormat::ParseInfoTree *,std::allocator<_Ty>>,std::less<_Kty>,std::allocator<std::pair<const _Kty,std::vector<_Ty,std::allocator<_Ty>>>>>'에서는 class 'google::protobuf::TextFormat::ParseInfoTree'의 클라이언트에서 DLL 인터페이스를 사용하도록 지정해야 합니다.
          with
          [
              _Ty=google::protobuf::TextFormat::ParseInfoTree *,
              _Kty=const google::protobuf::FieldDescriptor *
          ]
  c:\users\song\documents\protobuf-cpp-3.5.1\protobuf-3.5.1\src\google\protobuf\text_format.h(448): note: 'std::map<const google::protobuf::FieldDescriptor *,std::vector<google::protobuf::TextFormat::ParseInfoTree *,std::allocator<_Ty>>,std::less<_Kty>,std::allocator<std::pair<const _Kty,std::vector<_Ty,std::allocator<_Ty>>>>>' 선언을 참조하십시오.
          with
          [
              _Ty=google::protobuf::TextFormat::ParseInfoTree *,
              _Kty=const google::protobuf::FieldDescriptor *
          ]
c:\users\song\documents\protobuf-cpp-3.5.1\protobuf-3.5.1\src\google\protobuf\io\coded_stream.h(869): warning C4800: 'google::protobuf::internal::Atomic32': 'true' 또는 'false'로 bool 값을 강제하고 있습니다(성능 경고).
c:\users\song\documents\protobuf-cpp-3.5.1\protobuf-3.5.1\src\google\protobuf\wire_format_lite.h(863): warning C4146: 단항 빼기 연산자가 부호 없는 형식에 적용되었습니다. 결과는 역시 unsigned입니다.
c:\users\song\documents\protobuf-cpp-3.5.1\protobuf-3.5.1\src\google\protobuf\wire_format_lite.h(874): warning C4146: 단항 빼기 연산자가 부호 없는 형식에 적용되었습니다. 결과는 역시 unsigned입니다.
c:\users\song\documents\protobuf-cpp-3.5.1\protobuf-3.5.1\src\google\protobuf\generated_message_util.h(160): warning C4800: 'google::protobuf::uint32': 'true' 또는 'false'로 bool 값을 강제하고 있습니다(성능 경고).
c:\users\song\documents\protobuf-cpp-3.5.1\protobuf-3.5.1\src\google\protobuf\metadata_lite.h(217): warning C4251: 'google::protobuf::internal::LiteUnknownFieldSetter::buffer_': class 'std::basic_string<char,std::char_traits<char>,std::allocator<char>>'에서는 class 'google::protobuf::internal::LiteUnknownFieldSetter'의 클라이언트에서 DLL 인터페이스를 사용하도록 지정해야 합니다.
  c:\program files (x86)\microsoft visual studio 14.0\vc\include\xstring(2633): note: 'std::basic_string<char,std::char_traits<char>,std::allocator<char>>' 선언을 참조하십시오.
c:\users\song\documents\protobuf-cpp-3.5.1\protobuf-3.5.1\src\google\protobuf\extension_set.h(640): warning C4251: 'google::protobuf::internal::ExtensionSet::extensions_': class 'std::map<int,google::protobuf::internal::ExtensionSet::Extension,std::less<int>,std::allocator<std::pair<const _Kty,_Ty>>>'에서는 class 'google::protobuf::internal::ExtensionSet'의 클라이언트에서 DLL 인터페이스를 사용하도록 지정해야 합니다.
          with
          [
              _Kty=int,
              _Ty=google::protobuf::internal::ExtensionSet::Extension
          ]
  c:\users\song\documents\protobuf-cpp-3.5.1\protobuf-3.5.1\src\google\protobuf\extension_set.h(569): note: 'std::map<int,google::protobuf::internal::ExtensionSet::Extension,std::less<int>,std::allocator<std::pair<const _Kty,_Ty>>>' 선언을 참조하십시오.
          with
          [
              _Kty=int,
              _Ty=google::protobuf::internal::ExtensionSet::Extension
          ]
  Protocols.pb.cc
c:\users\song\documents\protobuf-cpp-3.5.1\protobuf-3.5.1\src\google\protobuf\io\coded_stream.h(869): warning C4800: 'google::protobuf::internal::Atomic32': 'true' 또는 'false'로 bool 값을 강제하고 있습니다(성능 경고).
c:\users\song\documents\protobuf-cpp-3.5.1\protobuf-3.5.1\src\google\protobuf\wire_format_lite.h(863): warning C4146: 단항 빼기 연산자가 부호 없는 형식에 적용되었습니다. 결과는 역시 unsigned입니다.
c:\users\song\documents\protobuf-cpp-3.5.1\protobuf-3.5.1\src\google\protobuf\wire_format_lite.h(874): warning C4146: 단항 빼기 연산자가 부호 없는 형식에 적용되었습니다. 결과는 역시 unsigned입니다.
c:\users\song\documents\protobuf-cpp-3.5.1\protobuf-3.5.1\src\google\protobuf\generated_message_util.h(160): warning C4800: 'google::protobuf::uint32': 'true' 또는 'false'로 bool 값을 강제하고 있습니다(성능 경고).
  ChattingServer.cpp
c:\users\song\documents\protobuf-cpp-3.5.1\protobuf-3.5.1\src\google\protobuf\stubs\logging.h(100): warning C4251: 'google::protobuf::internal::LogMessage::message_': class 'std::basic_string<char,std::char_traits<char>,std::allocator<char>>'에서는 class 'google::protobuf::internal::LogMessage'의 클라이언트에서 DLL 인터페이스를 사용하도록 지정해야 합니다.
  c:\program files (x86)\microsoft visual studio 14.0\vc\include\xstring(2633): note: 'std::basic_string<char,std::char_traits<char>,std::allocator<char>>' 선언을 참조하십시오.
c:\users\song\documents\protobuf-cpp-3.5.1\protobuf-3.5.1\src\google\protobuf\io\zero_copy_stream_impl_lite.h(242): warning C4251: 'google::protobuf::io::CopyingInputStreamAdaptor::buffer_': class 'google::protobuf::internal::scoped_array<google::protobuf::uint8>'에서는 class 'google::protobuf::io::CopyingInputStreamAdaptor'의 클라이언트에서 DLL 인터페이스를 사용하도록 지정해야 합니다.
  c:\users\song\documents\protobuf-cpp-3.5.1\protobuf-3.5.1\src\google\protobuf\io\zero_copy_stream_impl_lite.h(242): note: 'google::protobuf::internal::scoped_array<google::protobuf::uint8>' 선언을 참조하십시오.
c:\users\song\documents\protobuf-cpp-3.5.1\protobuf-3.5.1\src\google\protobuf\io\zero_copy_stream_impl_lite.h(331): warning C4251: 'google::protobuf::io::CopyingOutputStreamAdaptor::buffer_': class 'google::protobuf::internal::scoped_array<google::protobuf::uint8>'에서는 class 'google::protobuf::io::CopyingOutputStreamAdaptor'의 클라이언트에서 DLL 인터페이스를 사용하도록 지정해야 합니다.
  c:\users\song\documents\protobuf-cpp-3.5.1\protobuf-3.5.1\src\google\protobuf\io\zero_copy_stream_impl_lite.h(242): note: 'google::protobuf::internal::scoped_array<google::protobuf::uint8>' 선언을 참조하십시오.
c:\users\song\documents\protobuf-cpp-3.5.1\protobuf-3.5.1\src\google\protobuf\descriptor.h(1805): warning C4251: 'google::protobuf::DescriptorPool::tables_': class 'google::protobuf::internal::scoped_ptr<google::protobuf::DescriptorPool::Tables>'에서는 class 'google::protobuf::DescriptorPool'의 클라이언트에서 DLL 인터페이스를 사용하도록 지정해야 합니다.
  c:\users\song\documents\protobuf-cpp-3.5.1\protobuf-3.5.1\src\google\protobuf\descriptor.h(1805): note: 'google::protobuf::internal::scoped_ptr<google::protobuf::DescriptorPool::Tables>' 선언을 참조하십시오.
c:\users\song\documents\protobuf-cpp-3.5.1\protobuf-3.5.1\src\google\protobuf\descriptor.h(1812): warning C4251: 'google::protobuf::DescriptorPool::unused_import_track_files_': class 'std::set<std::string,std::less<_Kty>,std::allocator<_Ty>>'에서는 class 'google::protobuf::DescriptorPool'의 클라이언트에서 DLL 인터페이스를 사용하도록 지정해야 합니다.
          with
          [
              _Kty=std::string,
              _Ty=std::string
          ]
  c:\users\song\documents\protobuf-cpp-3.5.1\protobuf-3.5.1\src\google\protobuf\descriptor.h(1812): note: 'std::set<std::string,std::less<_Kty>,std::allocator<_Ty>>' 선언을 참조하십시오.
          with
          [
              _Kty=std::string,
              _Ty=std::string
          ]
c:\users\song\documents\protobuf-cpp-3.5.1\protobuf-3.5.1\src\google\protobuf\arena_impl.h(171): warning C4251: 'google::protobuf::internal::ArenaImpl::lifecycle_id_generator_': class 'google::protobuf::internal::SequenceNumber'에서는 class 'google::protobuf::internal::ArenaImpl'의 클라이언트에서 DLL 인터페이스를 사용하도록 지정해야 합니다.
  c:\users\song\documents\protobuf-cpp-3.5.1\protobuf-3.5.1\src\google\protobuf\stubs\atomic_sequence_num.h(39): note: 'google::protobuf::internal::SequenceNumber' 선언을 참조하십시오.
c:\users\song\documents\protobuf-cpp-3.5.1\protobuf-3.5.1\src\google\protobuf\arena_impl.h(225): warning C4251: 'google::protobuf::internal::ArenaImpl::options_': struct 'google::protobuf::internal::ArenaImpl::Options'에서는 class 'google::protobuf::internal::ArenaImpl'의 클라이언트에서 DLL 인터페이스를 사용하도록 지정해야 합니다.
  c:\users\song\documents\protobuf-cpp-3.5.1\protobuf-3.5.1\src\google\protobuf\arena_impl.h(65): note: 'google::protobuf::internal::ArenaImpl::Options' 선언을 참조하십시오.
c:\users\song\documents\protobuf-cpp-3.5.1\protobuf-3.5.1\src\google\protobuf\text_format.h(352): warning C4251: 'google::protobuf::TextFormat::Printer::default_field_value_printer_': class 'google::protobuf::internal::scoped_ptr<const google::protobuf::TextFormat::FastFieldValuePrinter>'에서는 class 'google::protobuf::TextFormat::Printer'의 클라이언트에서 DLL 인터페이스를 사용하도록 지정해야 합니다.
  c:\users\song\documents\protobuf-cpp-3.5.1\protobuf-3.5.1\src\google\protobuf\text_format.h(352): note: 'google::protobuf::internal::scoped_ptr<const google::protobuf::TextFormat::FastFieldValuePrinter>' 선언을 참조하십시오.
c:\users\song\documents\protobuf-cpp-3.5.1\protobuf-3.5.1\src\google\protobuf\text_format.h(355): warning C4251: 'google::protobuf::TextFormat::Printer::custom_printers_': class 'std::map<const google::protobuf::FieldDescriptor *,const google::protobuf::TextFormat::FastFieldValuePrinter *,std::less<_Kty>,std::allocator<std::pair<const _Kty,_Ty>>>'에서는 class 'google::protobuf::TextFormat::Printer'의 클라이언트에서 DLL 인터페이스를 사용하도록 지정해야 합니다.
          with
          [
              _Kty=const google::protobuf::FieldDescriptor *,
              _Ty=const google::protobuf::TextFormat::FastFieldValuePrinter *
          ]
  c:\users\song\documents\protobuf-cpp-3.5.1\protobuf-3.5.1\src\google\protobuf\text_format.h(353): note: 'std::map<const google::protobuf::FieldDescriptor *,const google::protobuf::TextFormat::FastFieldValuePrinter *,std::less<_Kty>,std::allocator<std::pair<const _Kty,_Ty>>>' 선언을 참조하십시오.
          with
          [
              _Kty=const google::protobuf::FieldDescriptor *,
              _Ty=const google::protobuf::TextFormat::FastFieldValuePrinter *
          ]
c:\users\song\documents\protobuf-cpp-3.5.1\protobuf-3.5.1\src\google\protobuf\text_format.h(451): warning C4251: 'google::protobuf::TextFormat::ParseInfoTree::locations_': class 'std::map<const google::protobuf::FieldDescriptor *,std::vector<google::protobuf::TextFormat::ParseLocation,std::allocator<_Ty>>,std::less<_Kty>,std::allocator<std::pair<const _Kty,std::vector<_Ty,std::allocator<_Ty>>>>>'에서는 class 'google::protobuf::TextFormat::ParseInfoTree'의 클라이언트에서 DLL 인터페이스를 사용하도록 지정해야 합니다.
          with
          [
              _Ty=google::protobuf::TextFormat::ParseLocation,
              _Kty=const google::protobuf::FieldDescriptor *
          ]
  c:\users\song\documents\protobuf-cpp-3.5.1\protobuf-3.5.1\src\google\protobuf\text_format.h(443): note: 'std::map<const google::protobuf::FieldDescriptor *,std::vector<google::protobuf::TextFormat::ParseLocation,std::allocator<_Ty>>,std::less<_Kty>,std::allocator<std::pair<const _Kty,std::vector<_Ty,std::allocator<_Ty>>>>>' 선언을 참조하십시오.
          with
          [
              _Ty=google::protobuf::TextFormat::ParseLocation,
              _Kty=const google::protobuf::FieldDescriptor *
          ]
c:\users\song\documents\protobuf-cpp-3.5.1\protobuf-3.5.1\src\google\protobuf\text_format.h(452): warning C4251: 'google::protobuf::TextFormat::ParseInfoTree::nested_': class 'std::map<const google::protobuf::FieldDescriptor *,std::vector<google::protobuf::TextFormat::ParseInfoTree *,std::allocator<_Ty>>,std::less<_Kty>,std::allocator<std::pair<const _Kty,std::vector<_Ty,std::allocator<_Ty>>>>>'에서는 class 'google::protobuf::TextFormat::ParseInfoTree'의 클라이언트에서 DLL 인터페이스를 사용하도록 지정해야 합니다.
          with
          [
              _Ty=google::protobuf::TextFormat::ParseInfoTree *,
              _Kty=const google::protobuf::FieldDescriptor *
          ]
  c:\users\song\documents\protobuf-cpp-3.5.1\protobuf-3.5.1\src\google\protobuf\text_format.h(448): note: 'std::map<const google::protobuf::FieldDescriptor *,std::vector<google::protobuf::TextFormat::ParseInfoTree *,std::allocator<_Ty>>,std::less<_Kty>,std::allocator<std::pair<const _Kty,std::vector<_Ty,std::allocator<_Ty>>>>>' 선언을 참조하십시오.
          with
          [
              _Ty=google::protobuf::TextFormat::ParseInfoTree *,
              _Kty=const google::protobuf::FieldDescriptor *
          ]
c:\users\song\documents\protobuf-cpp-3.5.1\protobuf-3.5.1\src\google\protobuf\io\coded_stream.h(869): warning C4800: 'google::protobuf::internal::Atomic32': 'true' 또는 'false'로 bool 값을 강제하고 있습니다(성능 경고).
c:\users\song\documents\protobuf-cpp-3.5.1\protobuf-3.5.1\src\google\protobuf\wire_format_lite.h(863): warning C4146: 단항 빼기 연산자가 부호 없는 형식에 적용되었습니다. 결과는 역시 unsigned입니다.
c:\users\song\documents\protobuf-cpp-3.5.1\protobuf-3.5.1\src\google\protobuf\wire_format_lite.h(874): warning C4146: 단항 빼기 연산자가 부호 없는 형식에 적용되었습니다. 결과는 역시 unsigned입니다.
c:\users\song\documents\protobuf-cpp-3.5.1\protobuf-3.5.1\src\google\protobuf\generated_message_util.h(160): warning C4800: 'google::protobuf::uint32': 'true' 또는 'false'로 bool 값을 강제하고 있습니다(성능 경고).
c:\users\song\documents\protobuf-cpp-3.5.1\protobuf-3.5.1\src\google\protobuf\metadata_lite.h(217): warning C4251: 'google::protobuf::internal::LiteUnknownFieldSetter::buffer_': class 'std::basic_string<char,std::char_traits<char>,std::allocator<char>>'에서는 class 'google::protobuf::internal::LiteUnknownFieldSetter'의 클라이언트에서 DLL 인터페이스를 사용하도록 지정해야 합니다.
  c:\program files (x86)\microsoft visual studio 14.0\vc\include\xstring(2633): note: 'std::basic_string<char,std::char_traits<char>,std::allocator<char>>' 선언을 참조하십시오.
c:\users\song\documents\protobuf-cpp-3.5.1\protobuf-3.5.1\src\google\protobuf\extension_set.h(640): warning C4251: 'google::protobuf::internal::ExtensionSet::extensions_': class 'std::map<int,google::protobuf::internal::ExtensionSet::Extension,std::less<int>,std::allocator<std::pair<const _Kty,_Ty>>>'에서는 class 'google::protobuf::internal::ExtensionSet'의 클라이언트에서 DLL 인터페이스를 사용하도록 지정해야 합니다.
          with
          [
              _Kty=int,
              _Ty=google::protobuf::internal::ExtensionSet::Extension
          ]
  c:\users\song\documents\protobuf-cpp-3.5.1\protobuf-3.5.1\src\google\protobuf\extension_set.h(569): note: 'std::map<int,google::protobuf::internal::ExtensionSet::Extension,std::less<int>,std::allocator<std::pair<const _Kty,_Ty>>>' 선언을 참조하십시오.
          with
          [
              _Kty=int,
              _Ty=google::protobuf::internal::ExtensionSet::Extension
          ]
c:\users\song\documents\visual studio 2015\projects\chattingserver\chattingserver\chattingserver.cpp(98): warning C4474: 'printf' : 서식 문자열에 전달된 인수가 너무 많습니다.
  c:\users\song\documents\visual studio 2015\projects\chattingserver\chattingserver\chattingserver.cpp(98): note: 자리 표시자 및 해당 매개 변수에는 variadic 인수가 1개 필요하지만 2개가 제공되었습니다.
c:\users\song\documents\visual studio 2015\projects\chattingserver\chattingserver\chattingserver.cpp(159): warning C4244: '인수': 'time_t'에서 'unsigned int'(으)로 변환하면서 데이터가 손실될 수 있습니다.
c:\users\song\documents\visual studio 2015\projects\chattingserver\chattingserver\chattingserver.cpp(125): warning C4101: 'client_sock' :참조되지 않은 지역 변수입니다.
c:\users\song\documents\visual studio 2015\projects\chattingserver\chattingserver\chattingserver.cpp(226): warning C4244: '인수': 'unsigned __int64'에서 'int'(으)로 변환하면서 데이터가 손실될 수 있습니다.
c:\users\song\documents\visual studio 2015\projects\chattingserver\chattingserver\chattingserver.cpp(234): warning C4244: '인수': 'unsigned __int64'에서 'int'(으)로 변환하면서 데이터가 손실될 수 있습니다.
c:\users\song\documents\visual studio 2015\projects\chattingserver\chattingserver\chattingserver.cpp(235): warning C4244: '인수': 'unsigned __int64'에서 'int'(으)로 변환하면서 데이터가 손실될 수 있습니다.
  Channel.cpp
c:\users\song\documents\protobuf-cpp-3.5.1\protobuf-3.5.1\src\google\protobuf\stubs\logging.h(100): warning C4251: 'google::protobuf::internal::LogMessage::message_': class 'std::basic_string<char,std::char_traits<char>,std::allocator<char>>'에서는 class 'google::protobuf::internal::LogMessage'의 클라이언트에서 DLL 인터페이스를 사용하도록 지정해야 합니다.
  c:\program files (x86)\microsoft visual studio 14.0\vc\include\xstring(2633): note: 'std::basic_string<char,std::char_traits<char>,std::allocator<char>>' 선언을 참조하십시오.
c:\users\song\documents\protobuf-cpp-3.5.1\protobuf-3.5.1\src\google\protobuf\io\zero_copy_stream_impl_lite.h(242): warning C4251: 'google::protobuf::io::CopyingInputStreamAdaptor::buffer_': class 'google::protobuf::internal::scoped_array<google::protobuf::uint8>'에서는 class 'google::protobuf::io::CopyingInputStreamAdaptor'의 클라이언트에서 DLL 인터페이스를 사용하도록 지정해야 합니다.
  c:\users\song\documents\protobuf-cpp-3.5.1\protobuf-3.5.1\src\google\protobuf\io\zero_copy_stream_impl_lite.h(242): note: 'google::protobuf::internal::scoped_array<google::protobuf::uint8>' 선언을 참조하십시오.
c:\users\song\documents\protobuf-cpp-3.5.1\protobuf-3.5.1\src\google\protobuf\io\zero_copy_stream_impl_lite.h(331): warning C4251: 'google::protobuf::io::CopyingOutputStreamAdaptor::buffer_': class 'google::protobuf::internal::scoped_array<google::protobuf::uint8>'에서는 class 'google::protobuf::io::CopyingOutputStreamAdaptor'의 클라이언트에서 DLL 인터페이스를 사용하도록 지정해야 합니다.
  c:\users\song\documents\protobuf-cpp-3.5.1\protobuf-3.5.1\src\google\protobuf\io\zero_copy_stream_impl_lite.h(242): note: 'google::protobuf::internal::scoped_array<google::protobuf::uint8>' 선언을 참조하십시오.
c:\users\song\documents\protobuf-cpp-3.5.1\protobuf-3.5.1\src\google\protobuf\descriptor.h(1805): warning C4251: 'google::protobuf::DescriptorPool::tables_': class 'google::protobuf::internal::scoped_ptr<google::protobuf::DescriptorPool::Tables>'에서는 class 'google::protobuf::DescriptorPool'의 클라이언트에서 DLL 인터페이스를 사용하도록 지정해야 합니다.
  c:\users\song\documents\protobuf-cpp-3.5.1\protobuf-3.5.1\src\google\protobuf\descriptor.h(1805): note: 'google::protobuf::internal::scoped_ptr<google::protobuf::DescriptorPool::Tables>' 선언을 참조하십시오.
c:\users\song\documents\protobuf-cpp-3.5.1\protobuf-3.5.1\src\google\protobuf\descriptor.h(1812): warning C4251: 'google::protobuf::DescriptorPool::unused_import_track_files_': class 'std::set<std::string,std::less<_Kty>,std::allocator<_Ty>>'에서는 class 'google::protobuf::DescriptorPool'의 클라이언트에서 DLL 인터페이스를 사용하도록 지정해야 합니다.
          with
          [
              _Kty=std::string,
              _Ty=std::string
          ]
  c:\users\song\documents\protobuf-cpp-3.5.1\protobuf-3.5.1\src\google\protobuf\descriptor.h(1812): note: 'std::set<std::string,std::less<_Kty>,std::allocator<_Ty>>' 선언을 참조하십시오.
          with
          [
              _Kty=std::string,
              _Ty=std::string
          ]
c:\users\song\documents\protobuf-cpp-3.5.1\protobuf-3.5.1\src\google\protobuf\arena_impl.h(171): warning C4251: 'google::protobuf::internal::ArenaImpl::lifecycle_id_generator_': class 'google::protobuf::internal::SequenceNumber'에서는 class 'google::protobuf::internal::ArenaImpl'의 클라이언트에서 DLL 인터페이스를 사용하도록 지정해야 합니다.
  c:\users\song\documents\protobuf-cpp-3.5.1\protobuf-3.5.1\src\google\protobuf\stubs\atomic_sequence_num.h(39): note: 'google::protobuf::internal::SequenceNumber' 선언을 참조하십시오.
c:\users\song\documents\protobuf-cpp-3.5.1\protobuf-3.5.1\src\google\protobuf\arena_impl.h(225): warning C4251: 'google::protobuf::internal::ArenaImpl::options_': struct 'google::protobuf::internal::ArenaImpl::Options'에서는 class 'google::protobuf::internal::ArenaImpl'의 클라이언트에서 DLL 인터페이스를 사용하도록 지정해야 합니다.
  c:\users\song\documents\protobuf-cpp-3.5.1\protobuf-3.5.1\src\google\protobuf\arena_impl.h(65): note: 'google::protobuf::internal::ArenaImpl::Options' 선언을 참조하십시오.
c:\users\song\documents\protobuf-cpp-3.5.1\protobuf-3.5.1\src\google\protobuf\text_format.h(352): warning C4251: 'google::protobuf::TextFormat::Printer::default_field_value_printer_': class 'google::protobuf::internal::scoped_ptr<const google::protobuf::TextFormat::FastFieldValuePrinter>'에서는 class 'google::protobuf::TextFormat::Printer'의 클라이언트에서 DLL 인터페이스를 사용하도록 지정해야 합니다.
  c:\users\song\documents\protobuf-cpp-3.5.1\protobuf-3.5.1\src\google\protobuf\text_format.h(352): note: 'google::protobuf::internal::scoped_ptr<const google::protobuf::TextFormat::FastFieldValuePrinter>' 선언을 참조하십시오.
c:\users\song\documents\protobuf-cpp-3.5.1\protobuf-3.5.1\src\google\protobuf\text_format.h(355): warning C4251: 'google::protobuf::TextFormat::Printer::custom_printers_': class 'std::map<const google::protobuf::FieldDescriptor *,const google::protobuf::TextFormat::FastFieldValuePrinter *,std::less<_Kty>,std::allocator<std::pair<const _Kty,_Ty>>>'에서는 class 'google::protobuf::TextFormat::Printer'의 클라이언트에서 DLL 인터페이스를 사용하도록 지정해야 합니다.
          with
          [
              _Kty=const google::protobuf::FieldDescriptor *,
              _Ty=const google::protobuf::TextFormat::FastFieldValuePrinter *
          ]
  c:\users\song\documents\protobuf-cpp-3.5.1\protobuf-3.5.1\src\google\protobuf\text_format.h(353): note: 'std::map<const google::protobuf::FieldDescriptor *,const google::protobuf::TextFormat::FastFieldValuePrinter *,std::less<_Kty>,std::allocator<std::pair<const _Kty,_Ty>>>' 선언을 참조하십시오.
          with
          [
              _Kty=const google::protobuf::FieldDescriptor *,
              _Ty=const google::protobuf::TextFormat::FastFieldValuePrinter *
          ]
c:\users\song\documents\protobuf-cpp-3.5.1\protobuf-3.5.1\src\google\protobuf\text_format.h(451): warning C4251: 'google::protobuf::TextFormat::ParseInfoTree::locations_': class 'std::map<const google::protobuf::FieldDescriptor *,std::vector<google::protobuf::TextFormat::ParseLocation,std::allocator<_Ty>>,std::less<_Kty>,std::allocator<std::pair<const _Kty,std::vector<_Ty,std::allocator<_Ty>>>>>'에서는 class 'google::protobuf::TextFormat::ParseInfoTree'의 클라이언트에서 DLL 인터페이스를 사용하도록 지정해야 합니다.
          with
          [
              _Ty=google::protobuf::TextFormat::ParseLocation,
              _Kty=const google::protobuf::FieldDescriptor *
          ]
  c:\users\song\documents\protobuf-cpp-3.5.1\protobuf-3.5.1\src\google\protobuf\text_format.h(443): note: 'std::map<const google::protobuf::FieldDescriptor *,std::vector<google::protobuf::TextFormat::ParseLocation,std::allocator<_Ty>>,std::less<_Kty>,std::allocator<std::pair<const _Kty,std::vector<_Ty,std::allocator<_Ty>>>>>' 선언을 참조하십시오.
          with
          [
              _Ty=google::protobuf::TextFormat::ParseLocation,
              _Kty=const google::protobuf::FieldDescriptor *
          ]
c:\users\song\documents\protobuf-cpp-3.5.1\protobuf-3.5.1\src\google\protobuf\text_format.h(452): warning C4251: 'google::protobuf::TextFormat::ParseInfoTree::nested_': class 'std::map<const google::protobuf::FieldDescriptor *,std::vector<google::protobuf::TextFormat::ParseInfoTree *,std::allocator<_Ty>>,std::less<_Kty>,std::allocator<std::pair<const _Kty,std::vector<_Ty,std::allocator<_Ty>>>>>'에서는 class 'google::protobuf::TextFormat::ParseInfoTree'의 클라이언트에서 DLL 인터페이스를 사용하도록 지정해야 합니다.
          with
          [
              _Ty=google::protobuf::TextFormat::ParseInfoTree *,
              _Kty=const google::protobuf::FieldDescriptor *
          ]
  c:\users\song\documents\protobuf-cpp-3.5.1\protobuf-3.5.1\src\google\protobuf\text_format.h(448): note: 'std::map<const google::protobuf::FieldDescriptor *,std::vector<google::protobuf::TextFormat::ParseInfoTree *,std::allocator<_Ty>>,std::less<_Kty>,std::allocator<std::pair<const _Kty,std::vector<_Ty,std::allocator<_Ty>>>>>' 선언을 참조하십시오.
          with
          [
              _Ty=google::protobuf::TextFormat::ParseInfoTree *,
              _Kty=const google::protobuf::FieldDescriptor *
          ]
c:\users\song\documents\protobuf-cpp-3.5.1\protobuf-3.5.1\src\google\protobuf\io\coded_stream.h(869): warning C4800: 'google::protobuf::internal::Atomic32': 'true' 또는 'false'로 bool 값을 강제하고 있습니다(성능 경고).
c:\users\song\documents\protobuf-cpp-3.5.1\protobuf-3.5.1\src\google\protobuf\wire_format_lite.h(863): warning C4146: 단항 빼기 연산자가 부호 없는 형식에 적용되었습니다. 결과는 역시 unsigned입니다.
c:\users\song\documents\protobuf-cpp-3.5.1\protobuf-3.5.1\src\google\protobuf\wire_format_lite.h(874): warning C4146: 단항 빼기 연산자가 부호 없는 형식에 적용되었습니다. 결과는 역시 unsigned입니다.
c:\users\song\documents\protobuf-cpp-3.5.1\protobuf-3.5.1\src\google\protobuf\generated_message_util.h(160): warning C4800: 'google::protobuf::uint32': 'true' 또는 'false'로 bool 값을 강제하고 있습니다(성능 경고).
c:\users\song\documents\protobuf-cpp-3.5.1\protobuf-3.5.1\src\google\protobuf\metadata_lite.h(217): warning C4251: 'google::protobuf::internal::LiteUnknownFieldSetter::buffer_': class 'std::basic_string<char,std::char_traits<char>,std::allocator<char>>'에서는 class 'google::protobuf::internal::LiteUnknownFieldSetter'의 클라이언트에서 DLL 인터페이스를 사용하도록 지정해야 합니다.
  c:\program files (x86)\microsoft visual studio 14.0\vc\include\xstring(2633): note: 'std::basic_string<char,std::char_traits<char>,std::allocator<char>>' 선언을 참조하십시오.
c:\users\song\documents\protobuf-cpp-3.5.1\protobuf-3.5.1\src\google\protobuf\extension_set.h(640): warning C4251: 'google::protobuf::internal::ExtensionSet::extensions_': class 'std::map<int,google::protobuf::internal::ExtensionSet::Extension,std::less<int>,std::allocator<std::pair<const _Kty,_Ty>>>'에서는 class 'google::protobuf::internal::ExtensionSet'의 클라이언트에서 DLL 인터페이스를 사용하도록 지정해야 합니다.
          with
          [
              _Kty=int,
              _Ty=google::protobuf::internal::ExtensionSet::Extension
          ]
  c:\users\song\documents\protobuf-cpp-3.5.1\protobuf-3.5.1\src\google\protobuf\extension_set.h(569): note: 'std::map<int,google::protobuf::internal::ExtensionSet::Extension,std::less<int>,std::allocator<std::pair<const _Kty,_Ty>>>' 선언을 참조하십시오.
          with
          [
              _Kty=int,
              _Ty=google::protobuf::internal::ExtensionSet::Extension
          ]
  코드를 생성하고 있습니다...
  LINK : C:\Users\song\Documents\Visual Studio 2015\Projects\ChattingServer\Debug\ChattingServer.exe을(를) 찾을 수 없거나 마지막 증분 링크에 의해 빌드되지 않았습니다. 전체 링크를 수행하고 있습니다.
ChattingServer.obj : warning LNK4217: 지역으로 정의된 ??0LogMessage@internal@protobuf@google@@QAE@W4LogLevel@23@PBDH@Z (public: __thiscall google::protobuf::internal::LogMessage::LogMessage(enum google::protobuf::LogLevel,char const *,int)) 기호를 "public: static char * __cdecl google::protobuf::Arena::CreateArray<char>(class google::protobuf::Arena *,unsigned int)" (??$CreateArray@D@Arena@protobuf@google@@SAPADPAV012@I@Z) 함수로 가져왔습니다.
ChattingServer.obj : warning LNK4217: 지역으로 정의된 ??1LogMessage@internal@protobuf@google@@QAE@XZ (public: __thiscall google::protobuf::internal::LogMessage::~LogMessage(void)) 기호를 "public: static char * __cdecl google::protobuf::Arena::CreateArray<char>(class google::protobuf::Arena *,unsigned int)" (??$CreateArray@D@Arena@protobuf@google@@SAPADPAV012@I@Z) 함수로 가져왔습니다.
ChattingServer.obj : warning LNK4217: 지역으로 정의된 ??6LogMessage@internal@protobuf@google@@QAEAAV0123@PBD@Z (public: class google::protobuf::internal::LogMessage & __thiscall google::protobuf::internal::LogMessage::operator<<(char const *)) 기호를 "public: static char * __cdecl google::protobuf::Arena::CreateArray<char>(class google::protobuf::Arena *,unsigned int)" (??$CreateArray@D@Arena@protobuf@google@@SAPADPAV012@I@Z) 함수로 가져왔습니다.
ChattingServer.obj : warning LNK4217: 지역으로 정의된 ??4LogFinisher@internal@protobuf@google@@QAEXAAVLogMessage@123@@Z (public: void __thiscall google::protobuf::internal::LogFinisher::operator=(class google::protobuf::internal::LogMessage &)) 기호를 "public: static char * __cdecl google::protobuf::Arena::CreateArray<char>(class google::protobuf::Arena *,unsigned int)" (??$CreateArray@D@Arena@protobuf@google@@SAPADPAV012@I@Z) 함수로 가져왔습니다.
ChattingServer.obj : warning LNK4217: 지역으로 정의된 ??0ArrayInputStream@io@protobuf@google@@QAE@PBXHH@Z (public: __thiscall google::protobuf::io::ArrayInputStream::ArrayInputStream(void const *,int,int)) 기호를 "public: void __thiscall ChattingServer::PacketProcess(int,class google::protobuf::io::CodedInputStream &)" (?PacketProcess@ChattingServer@@QAEXHAAVCodedInputStream@io@protobuf@google@@@Z) 함수로 가져왔습니다.
ChattingServer.obj : warning LNK4217: 지역으로 정의된 ??1ArrayInputStream@io@protobuf@google@@UAE@XZ (public: virtual __thiscall google::protobuf::io::ArrayInputStream::~ArrayInputStream(void)) 기호를 "public: void __thiscall ChattingServer::PacketProcess(int,class google::protobuf::io::CodedInputStream &)" (?PacketProcess@ChattingServer@@QAEXHAAVCodedInputStream@io@protobuf@google@@@Z) 함수로 가져왔습니다.
ChattingServer.obj : warning LNK4217: 지역으로 정의된 ?AllocateAligned@ArenaImpl@internal@protobuf@google@@QAEPAXI@Z (public: void * __thiscall google::protobuf::internal::ArenaImpl::AllocateAligned(unsigned int)) 기호를 "private: char * __thiscall google::protobuf::Arena::CreateInternalRawArray<char>(unsigned int)" (??$CreateInternalRawArray@D@Arena@protobuf@google@@AAEPADI@Z) 함수로 가져왔습니다.
ChattingServer.obj : warning LNK4217: 지역으로 정의된 ?AllocHook@Arena@protobuf@google@@ABEXPBVtype_info@@I@Z (private: void __thiscall google::protobuf::Arena::AllocHook(class type_info const *,unsigned int)const ) 기호를 "private: char * __thiscall google::protobuf::Arena::CreateInternalRawArray<char>(unsigned int)" (??$CreateInternalRawArray@D@Arena@protobuf@google@@AAEPADI@Z) 함수로 가져왔습니다.
ChattingServer.obj : warning LNK4217: 지역으로 정의된 ?GetEmptyStringAlreadyInited@internal@protobuf@google@@YAABV?$basic_string@DU?$char_traits@D@std@@V?$allocator@D@2@@std@@XZ (class std::basic_string<char,struct std::char_traits<char>,class std::allocator<char> > const & __cdecl google::protobuf::internal::GetEmptyStringAlreadyInited(void)) 기호를 "public: void __thiscall Protocols::Channel_Chatting::set_message(class std::basic_string<char,struct std::char_traits<char>,class std::allocator<char> > const &)" (?set_message@Channel_Chatting@Protocols@@QAEXABV?$basic_string@DU?$char_traits@D@std@@V?$allocator@D@2@@std@@@Z) 함수로 가져왔습니다.
ChattingServer.obj : warning LNK4217: 지역으로 정의된 ?ParseFromCodedStream@MessageLite@protobuf@google@@QAE_NPAVCodedInputStream@io@23@@Z (public: bool __thiscall google::protobuf::MessageLite::ParseFromCodedStream(class google::protobuf::io::CodedInputStream *)) 기호를 "public: void __thiscall ChattingServer::PacketProcess(int,class google::protobuf::io::CodedInputStream &)" (?PacketProcess@ChattingServer@@QAEXHAAVCodedInputStream@io@protobuf@google@@@Z) 함수로 가져왔습니다.
ChattingServer.obj : warning LNK4217: 지역으로 정의된 ?SerializeToArray@MessageLite@protobuf@google@@QBE_NPAXH@Z (public: bool __thiscall google::protobuf::MessageLite::SerializeToArray(void *,int)const ) 기호를 "public: void __thiscall ChattingServer::AcceptThread(void)" (?AcceptThread@ChattingServer@@QAEXXZ) 함수로 가져왔습니다.
ChattingServer.obj : warning LNK4217: 지역으로 정의된 ?ByteSize@MessageLite@protobuf@google@@QBEHXZ (public: int __thiscall google::protobuf::MessageLite::ByteSize(void)const ) 기호를 "public: void __thiscall ChattingServer::ProcessChannelChattingPacket(int,class Protocols::Channel_Chatting)const " (?ProcessChannelChattingPacket@ChattingServer@@QBEXHVChannel_Chatting@Protocols@@@Z) 함수로 가져왔습니다.
ChattingServer.obj : warning LNK4217: 지역으로 정의된 ??0CodedInputStream@io@protobuf@google@@QAE@PAVZeroCopyInputStream@123@@Z (public: __thiscall google::protobuf::io::CodedInputStream::CodedInputStream(class google::protobuf::io::ZeroCopyInputStream *)) 기호를 "public: void __thiscall ChattingServer::PacketProcess(int,class google::protobuf::io::CodedInputStream &)" (?PacketProcess@ChattingServer@@QAEXHAAVCodedInputStream@io@protobuf@google@@@Z) 함수로 가져왔습니다.
ChattingServer.obj : warning LNK4217: 지역으로 정의된 ??1CodedInputStream@io@protobuf@google@@QAE@XZ (public: __thiscall google::protobuf::io::CodedInputStream::~CodedInputStream(void)) 기호를 "public: void __thiscall ChattingServer::PacketProcess(int,class google::protobuf::io::CodedInputStream &)" (?PacketProcess@ChattingServer@@QAEXHAAVCodedInputStream@io@protobuf@google@@@Z) 함수로 가져왔습니다.
ChattingServer.obj : warning LNK4217: 지역으로 정의된 ?Skip@CodedInputStream@io@protobuf@google@@QAE_NH@Z (public: bool __thiscall google::protobuf::io::CodedInputStream::Skip(int)) 기호를 "public: void __thiscall ChattingServer::PacketProcess(int,class google::protobuf::io::CodedInputStream &)" (?PacketProcess@ChattingServer@@QAEXHAAVCodedInputStream@io@protobuf@google@@@Z) 함수로 가져왔습니다.
ChattingServer.obj : warning LNK4217: 지역으로 정의된 ?GetDirectBufferPointer@CodedInputStream@io@protobuf@google@@QAE_NPAPBXPAH@Z (public: bool __thiscall google::protobuf::io::CodedInputStream::GetDirectBufferPointer(void const * *,int *)) 기호를 "public: void __thiscall ChattingServer::PacketProcess(int,class google::protobuf::io::CodedInputStream &)" (?PacketProcess@ChattingServer@@QAEXHAAVCodedInputStream@io@protobuf@google@@@Z) 함수로 가져왔습니다.
ChattingServer.obj : warning LNK4217: 지역으로 정의된 ?ReadRaw@CodedInputStream@io@protobuf@google@@QAE_NPAXH@Z (public: bool __thiscall google::protobuf::io::CodedInputStream::ReadRaw(void *,int)) 기호를 "public: void __thiscall ChattingServer::PacketProcess(int,class google::protobuf::io::CodedInputStream &)" (?PacketProcess@ChattingServer@@QAEXHAAVCodedInputStream@io@protobuf@google@@@Z) 함수로 가져왔습니다.
ChattingServer.obj : warning LNK4217: 지역으로 정의된 ?SetNoArena@ArenaStringPtr@internal@protobuf@google@@QAEXPBV?$basic_string@DU?$char_traits@D@std@@V?$allocator@D@2@@std@@ABV56@@Z (public: void __thiscall google::protobuf::internal::ArenaStringPtr::SetNoArena(class std::basic_string<char,struct std::char_traits<char>,class std::allocator<char> > const *,class std::basic_string<char,struct std::char_traits<char>,class std::allocator<char> > const &)) 기호를 "public: void __thiscall Protocols::Channel_Chatting::set_message(class std::basic_string<char,struct std::char_traits<char>,class std::allocator<char> > const &)" (?set_message@Channel_Chatting@Protocols@@QAEXABV?$basic_string@DU?$char_traits@D@std@@V?$allocator@D@2@@std@@@Z) 함수로 가져왔습니다.
ChattingServer.obj : warning LNK4217: 지역으로 정의된 ?GetNoArena@ArenaStringPtr@internal@protobuf@google@@QBEABV?$basic_string@DU?$char_traits@D@std@@V?$allocator@D@2@@std@@XZ (public: class std::basic_string<char,struct std::char_traits<char>,class std::allocator<char> > const & __thiscall google::protobuf::internal::ArenaStringPtr::GetNoArena(void)const ) 기호를 "public: class std::basic_string<char,struct std::char_traits<char>,class std::allocator<char> > const & __thiscall Protocols::Channel_Chatting::message(void)const " (?message@Channel_Chatting@Protocols@@QBEABV?$basic_string@DU?$char_traits@D@std@@V?$allocator@D@2@@std@@XZ) 함수로 가져왔습니다.
  ChattingServer.vcxproj -> C:\Users\song\Documents\Visual Studio 2015\Projects\ChattingServer\Debug\ChattingServer.exe
  ChattingServer.vcxproj -> C:\Users\song\Documents\Visual Studio 2015\Projects\ChattingServer\Debug\ChattingServer.pdb (Full PDB)
